#//////////////////////////////////////////////////////////////////////////////////////////
# Platform-specific directories. Skipped globally, then re-enabled here.
#//////////////////////////////////////////////////////////////////////////////////////////

compositing/shared-backing/overflow-scroll [ Pass ]
compositing/scrolling/async-overflow-scrolling [ Pass ]
compositing/layer-creation/clipping-scope [ Pass ]
editing/find/cocoa [ Pass ]
editing/input/cocoa [ Pass ]
editing/input/mac [ Pass ]
editing/undo-manager [ Pass ]
editing/pasteboard/dom-paste [ Pass ]
fast/attachment/cocoa [ Pass ]
fast/attachment/mac [ Pass ]
fast/css/mac [ Pass ]
fast/element-targeting [ Pass ]
fast/events/cursors [ Pass ]
fast/forms/date/date-editable-components [ Pass ]
fast/forms/datetimelocal/datetimelocal-editable-components [ Pass ]
fast/forms/month/month-editable-components [ Pass ]
fast/forms/time/time-editable-components [ Pass ]
fast/forms/select/mac-wk2 [ Pass ]
fast/sandbox/mac [ Pass ]
fast/scrolling/mac [ Pass ]
fast/speechsynthesis/mac [ Pass ]
fast/text-extraction [ Pass ]
fast/visual-viewport/tiled-drawing [ Pass ]
fast/web-share [ Pass ]
imported/w3c/web-platform-tests/web-share [ Pass ]
media/modern-media-controls/overflow-support [ Pass ]
http/tests/media/modern-media-controls/overflow-support [ Pass ]
media/modern-media-controls/tracks-support [ Pass ]
remote-layer-tree [ Pass ]
remote-layer-tree/ios [ Skip ]
scrollingcoordinator [ Pass ]
scrollingcoordinator/ios [ Skip ]
swipe [ Pass ]
view-gestures [ Pass ]
http/tests/swipe [ Pass ]
http/tests/pdf [ Pass ]
[ Sonoma+ ] pdf [ Pass ]
tiled-drawing [ Pass ]
ipc/restrictedendpoints/mac [ Pass ]

fast/events/autoscroll-when-zoomed.html [ Pass ]
fast/events/autoscroll-main-document.html [ Pass ]

fast/forms/enterkeyhint-attribute-values.html [ Pass ]

fast/forms/fixed-size-checkbox-vertically-centered.html [ Pass ]
fast/forms/fixed-size-radio-vertically-centered.html [ Pass ]

accessibility/smart-invert.html [ Pass ]
webkit.org/b/189818 accessibility/smart-invert-reference.html [ Pass ImageOnlyFailure ]
fast/media/mq-inverted-colors-live-update.html [ Pass ]
fast/media/mq-inverted-colors-live-update-in-subframes.html [ Pass ]
fast/media/mq-monochrome-live-update.html [ Pass ]
fast/media/mq-prefers-reduced-motion-live-update.html [ Pass ]
fast/media/mq-prefers-contrast-live-update.html [ Pass ]
fast/media/mq-prefers-contrast.html [ Pass ]

fast/repaint/background-attachment-local-scroll.html [ Pass ]
fast/repaint/background-attachment-fixed-in-composited-scroll.html [ Pass ]
fast/scrolling/unfocusing-page-while-keyboard-scrolling.html [ Pass ]

http/tests/ssl/applepay [ Pass ]

fast/visual-viewport/rubberbanding-viewport-rects.html [ Pass ]
fast/visual-viewport/rubberbanding-viewport-rects-header-footer.html  [ Pass ]


http/tests/paymentrequest/ApplePayModifier-disbursementRequest.https.html [ Skip ]
http/tests/paymentrequest [ Pass ]
http/tests/inspector/paymentrequest [ Pass ]
imported/w3c/web-platform-tests/payment-request [ Pass ]
imported/w3c/web-platform-tests/payment-request/payment-request-hasenrolledinstrument-method.tentative.https.html [ DumpJSConsoleLogInStdErr ]

imported/w3c/web-platform-tests/css/css-pseudo/selection-over-highlight-001.html [ Pass ]
imported/w3c/web-platform-tests/css/css-pseudo/highlight-custom-properties-dynamic-001.html [ Pass ]

# Tests that require wheel events
compositing/repaint/sticky-repaint-on-scroll.html [ Pass ]

# These tests are checking that WebContent is terminated when performing an invalid IPC operation for WK2.
# They crash in debug (as expected) so we skip them there. <rdar://problem/117742950>
[ Debug ] ipc/restrictedendpoints/mac/deny-access-modelElement.html [ Skip ]

# This test is failing due to lack of user activation.
imported/w3c/web-platform-tests/payment-request/payment-is-showing.https.html [ Skip ]

# skip in favor of tests in http/tests/paymentrequest
imported/w3c/web-platform-tests/payment-request/payment-request-abort-method.https.html [ WontFix ]
imported/w3c/web-platform-tests/payment-request/payment-request-show-method.https.html [ WontFix ]
imported/w3c/web-platform-tests/payment-request/rejects_if_not_active.https.html [ WontFix ]

imported/w3c/web-platform-tests/media-source/dedicated-worker/ [ Pass ]
# Test has non deterministic output as it measures how many main thread loops it takes to execute action in worker.
imported/w3c/web-platform-tests/media-source/dedicated-worker/mediasource-worker-play-terminate-worker.html [ Pass Failure ]
http/tests/security/contentSecurityPolicy/manifest-src-allowed.html [ Pass ]
http/tests/security/contentSecurityPolicy/manifest-src-blocked.html [ Pass ]
http/wpt/content-security-policy/sandbox-manifest-blocked.html [ Pass ]
http/wpt/content-security-policy/sandbox-manifest-blocked-cross-origin.sub.html [ Pass ]
applicationmanifest/ [ Pass ]

webkit.org/b/187183 http/tests/security/pasteboard-file-url.html [ Pass ]

fast/misc/valid-primary-screen-displayID.html [ Pass ]

ipc/webpageproxy-correctionpanel-no-crash.html [ Pass ]

# Skipped because of <rdar://problem/45388584>.
http/tests/webAPIStatistics [ Pass ]

webkit.org/b/184569 storage/indexeddb/modern/transactions-stop-on-navigation.html [ Pass Failure ]

fast/events/detect-caps-lock.html [ Pass ]
fast/forms/auto-fill-button/caps-lock-indicator-should-not-be-visible-when-auto-fill-strong-password-button-is-visible.html [ Pass ]

fast/repaint/placeholder-after-caps-lock-hidden.html [ Pass ]

fast/events/inactive-window-no-mouse-event.html [ Pass ]

fast/animation/request-animation-frame-in-two-pages.html [ Pass ]

fast/forms/file/entries-api/image-transcode-open-panel.html [ Pass ]
fast/forms/file/entries-api/pages-jpeg-open-panel.html [ Pass ]
fast/forms/file/entries-api/pdf-jpeg-open-panel.html [ Pass ]
fast/forms/file/entries-api/png-raw-open-panel.html [ Pass ]

imported/w3c/web-platform-tests/video-rvfc [ Pass ]
fast/mediastream/getUserMedia-rvfc.html [ Pass ]
webrtc/peerConnection-rvfc.html [ Pass ]
# Timing out tests until we add XR session.
imported/w3c/web-platform-tests/video-rvfc/request-video-frame-callback-before-xr-session.https.html [ Skip ]
imported/w3c/web-platform-tests/video-rvfc/request-video-frame-callback-during-xr-session.https.html [ Skip ]

webkit.org/b/235072 imported/w3c/web-platform-tests/video-rvfc/request-video-frame-callback-repeating.html [ Skip ]

webanimations/frame-rate [ Pass ]

imported/w3c/web-platform-tests/file-system-access/ [ Pass ]
imported/w3c/web-platform-tests/fs/ [ Pass ]
storage/filesystemaccess/ [ Pass ]

requestidlecallback [ Pass ]
imported/w3c/web-platform-tests/requestidlecallback [ Pass ]
imported/w3c/web-platform-tests/requestidlecallback/deadline-max-rAF.html [ Pass Failure ]
http/tests/eventloop/idle-callback-not-affected-by-timers-in-cross-origin.html [ Pass ]

#//////////////////////////////////////////////////////////////////////////////////////////
# End platform-specific directories.
#//////////////////////////////////////////////////////////////////////////////////////////

###### This file has seven sections. When adding new tests, make sure to
###### add to the correct section:

### (1) Classified failures with bug reports
### (2) Classified failures without bug reports (yet)
### (3) Unclassified failures
### (4) Features that are not supported in WebKit2 and likely never will be
### (5) Features that are not supported in WebKit2, on Mavericks
### (6) New WebKit2-only failures in Yosemite

########################################
### START OF (1) Classified failures with bug reports

# WebKitTestRunner needs a more complete implementation of eventSender
# <https://bugs.webkit.org/show_bug.cgi?id=42194>
editing/mac/pasteboard/dataTransfer-set-data-file-url.html
editing/mac/pasteboard/drag-selections-to-contenteditable.html
editing/pasteboard/4947130.html
editing/pasteboard/cleanup-on-move.html
editing/pasteboard/copy-standalone-image-crash.html
editing/pasteboard/drag-drop-paragraph-crasher.html
editing/pasteboard/emacs-cntl-y-001.html
editing/pasteboard/emacs-ctrl-k-y-001.html
editing/pasteboard/files-during-page-drags.html
editing/pasteboard/get-data-text-plain-drop.html
editing/pasteboard/smart-drag-drop.html
editing/pasteboard/smart-paste-004.html
editing/pasteboard/subframe-dragndrop-1.html
editing/selection/4895428-1.html
editing/selection/4895428-4.html
editing/selection/5354455-2.html
editing/selection/caret-after-keypress.html
editing/selection/contains-boundaries.html
editing/selection/doubleclick-beside-cr-span.html
editing/selection/doubleclick-whitespace.html
editing/selection/drag-to-contenteditable-iframe.html
editing/selection/mixed-editability-10.html
editing/selection/select-out-of-editable.html
editing/spelling/spellcheck-paste-continuous-disabled.html
editing/spelling/spellcheck-paste-disabled.html
editing/spelling/spellcheck-paste.html
fast/dom/vertical-scrollbar-in-rtl.html
fast/events/5056619.html
fast/events/autoscroll-in-textfield.html
fast/events/bogus-dropEffect-effectAllowed.html
fast/events/content-changed-during-drop.html
fast/events/context-onmousedown-event.html
fast/events/crash-on-mutate-during-drop.html
fast/events/drag-and-drop-dataTransfer-types-nocrash.html
fast/events/drag-and-drop-fire-drag-dragover.html
fast/events/drag-and-drop-link-containing-block.html
fast/events/drag-and-drop-link-fast-multiple-times-does-not-crash.html
fast/events/drag-and-drop-link.html
fast/events/drag-and-drop.html
fast/events/drag-image-with-border-image.html
fast/events/drag-in-frames.html
fast/events/drag-parent-node.html
fast/events/draggable-div-customdata.html
fast/events/draggable-div-nodata.html
fast/events/dropzone-001.html
fast/events/dropzone-002.html
fast/events/dropzone-003.html
fast/events/dropzone-005.html
fast/events/keydown-numpad-keys.html
fast/events/mouseup-from-button2.html
fast/events/node-event-anchor-lock.html
fast/events/ondragenter.html
fast/events/right-click-focus.html
fast/events/standalone-image-drag-to-editable.html
fast/events/wheel/continuous-platform-wheelevent-in-scrolling-div.html
fast/events/wheel/wheelevent-direction-inverted-from-device.html
fast/events/wheel/wheelevent-in-horizontal-scrollbar-in-rtl.html
fast/events/wheel/wheelevent-in-vertical-scrollbar-in-rtl.html
fast/forms/drag-into-textarea.html
fast/forms/drag-out-of-textarea.html
fast/forms/listbox-typeahead-cyrillic.html
fast/forms/listbox-typeahead-greek.html
fast/forms/select-type-ahead-non-latin.html
fast/history/window-open.html
fast/lists/drag-into-marker.html
fast/repaint/japanese-rl-selection-repaint.html
fast/repaint/repaint-across-writing-mode-boundary.html
http/tests/local/drag-over-remote-content.html
http/tests/misc/bubble-drag-events.html
http/tests/security/drag-drop-same-unique-origin.html
http/tests/security/drag-over-remote-content-iframe.html


# [WK2] [Mac] Spellcheck tests don't seem to work
webkit.org/b/105616 editing/spelling/context-menu-suggestions-multiword-selection.html
webkit.org/b/105616 editing/spelling/context-menu-suggestions-subword-selection.html
webkit.org/b/105616 editing/spelling/copy-paste-crash.html
webkit.org/b/105616 editing/spelling/delete-into-misspelled-word.html
webkit.org/b/105616 editing/spelling/editing-multiple-words-with-markers.html
webkit.org/b/105616 editing/spelling/editing-word-with-marker-2.html
webkit.org/b/105616 editing/spelling/move-cursor-around-misspelled-word.html
webkit.org/b/105616 editing/spelling/spelling-changed-text.html
webkit.org/b/105616 editing/spelling/spelling-backspace-between-lines.html
webkit.org/b/105616 editing/spelling/design-mode-spellcheck-off.html
webkit.org/b/105616 editing/spelling/spellcheck-attribute.html
webkit.org/b/105616 editing/spelling/spelling-attribute-at-child.html
webkit.org/b/105616 editing/spelling/spelling-attribute-change.html
webkit.org/b/105616 editing/spelling/spelling-backward.html
webkit.org/b/105616 editing/spelling/spelling-double-clicked-word.html
webkit.org/b/105616 editing/spelling/spelling-exactly-selected-word.html
webkit.org/b/105616 editing/spelling/spelling-hasspellingmarker.html
webkit.org/b/105616 editing/spelling/spelling-linebreak.html
webkit.org/b/105616 editing/spelling/spelling-with-punctuation-selection.html
webkit.org/b/105616 editing/spelling/spelling-with-whitespace-selection.html
webkit.org/b/105616 editing/spelling/grammar.html
webkit.org/b/105616 editing/spelling/markers.html
webkit.org/b/105616 editing/spelling/retro-correction-spelling-markers.html
webkit.org/b/105616 editing/spelling/spelling-markers-after-pasting-sentence.html
webkit.org/b/105616 editing/mac/spelling/autocorrection-delete.html [ Failure ]
webkit.org/b/105616 editing/mac/spelling/autocorrection-removing-underline-after-paste.html [ Failure ]
webkit.org/b/105616 editing/mac/spelling/autocorrection-removing-underline.html [ Failure ]
webkit.org/b/105616 editing/mac/spelling/autocorrection-simple.html [ Failure ]
webkit.org/b/105616 editing/mac/spelling/autocorrection-with-multi-line-text.html [ Failure ]
webkit.org/b/105616 editing/mac/spelling/click-autocorrected-word.html [ Failure ]
webkit.org/b/105616 editing/mac/spelling/delete-autocorrected-word-1.html [ Failure ]
webkit.org/b/105616 editing/mac/spelling/delete-autocorrected-word-2.html [ Failure ]
webkit.org/b/105616 editing/mac/spelling/delete-into-autocorrected-word.html [ Failure ]
webkit.org/b/105616 editing/mac/spelling/forward-delete-into-autocorrected-word.html [ Failure ]
webkit.org/b/105616 editing/mac/spelling/move-cursor-to-autocorrected-word.html [ Failure ]
webkit.org/b/105616 editing/mac/spelling/move-cursor-to-beginning-of-autocorrected-word.html [ Failure ]
webkit.org/b/105616 editing/mac/spelling/removing-underline-after-accepting-autocorrection-using-punctuation.html [ Failure ]
webkit.org/b/105616 editing/mac/spelling/accept-candidate-allows-autocorrect-on-next-word.html [ Failure ]
webkit.org/b/105616 editing/mac/spelling/accept-unseen-candidate-records-acceptance.html [ Failure ]
webkit.org/b/105616 editing/spelling/spelling-markers-in-overlapping-lines.html [ Pass ImageOnlyFailure ]
webkit.org/b/105616 editing/spelling/spelling-markers-in-overlapping-lines-large-font.html [ Pass ImageOnlyFailure ]

# [WK2] [Mac] Support drag in mouse events for WebKit2 EventSender
# <https://bugs.webkit.org/show_bug.cgi?id=68552>
editing/pasteboard/drag-and-drop-color-input-events.html [ Skip ]
editing/pasteboard/drag-and-drop-color-input.html [ Skip ]
editing/selection/select-across-readonly-input-2.html
editing/selection/select-across-readonly-input-3.html
editing/selection/select-across-readonly-input-4.html
editing/selection/select-across-readonly-input-5.html
fast/events/clear-drag-state.html
fast/events/drag-and-drop-subframe-dataTransfer.html
fast/events/drag-selects-image.html
fast/events/remove-target-with-shadow-in-drag.html

fast/events/before-input-events-prevent-drag-and-drop.html [ Failure ]
fast/events/input-events-drag-and-drop.html [ Failure ]
fast/events/input-events-insert-by-drop.html [ Failure ]

webkit.org/b/81833 fast/events/drag-and-drop-link-into-focused-contenteditable.html [ Failure ]

fast/forms/file/file-input-reset-validation.html [ Failure ]
fast/forms/file/file-input-empty-validation.html [ Failure ]

# Missing functionality of textInputController
# https://bugs.webkit.org/show_bug.cgi?id=89401
editing/mac/input/insert-dictated-text.html
editing/mac/input/crash-for-empty-text-alternative.html
editing/mac/input/edit-dictated-text-with-alternative.html
editing/mac/attributed-string/

# This test times out on Mac WK2 every time.
webkit.org/b/89199 editing/spelling/grammar-edit-word.html [ Skip ]

webkit.org/b/90156 editing/mac/spelling/autocorrection-blockquote-crash.html [ Failure ]

webkit.org/b/95043 http/tests/security/local-user-CSS-from-remote.html [ Failure ]


# These tests test the Shadow DOM based HTML form validation UI but Mac WK2 is using native dialogs instead.
fast/forms/validation-message-on-listbox.html
fast/forms/validation-message-on-menulist.html
fast/forms/validation-message-on-radio.html
fast/forms/validation-message-on-checkbox.html
fast/forms/validation-message-on-range.html
fast/forms/validation-message-clone.html
fast/forms/validation-message-in-relative-body.html
fast/forms/validation-message-appearance.html
fast/forms/validation-message-on-textarea.html

# All spatial navigation tests fail on Mac WK2
webkit.org/b/96438 fast/spatial-navigation

fast/images/text-recognition [ Pass ]
fast/images/text-recognition/ios [ Skip ]
fast/images/text-recognition/mac [ Pass ]

# rdar://76434263 ([ MacOS wk2 ] 4 http/wpt/mediarecorder/ layout-tests are flakey timing out)
http/wpt/mediarecorder/mute-tracks.html [ Pass Failure Timeout ]
http/wpt/mediarecorder/set-srcObject-MediaStream-Blob.html [ Pass Failure Timeout ]
http/wpt/mediarecorder/video-rotation.html [ Pass Failure Timeout ]

# On Ventura+, CFNetwork does full NSURLSession partitioning based on first-party domains and ITP session partitioning is thus disabled.
http/tests/resourceLoadStatistics/do-not-switch-session-on-navigation-to-prevalent-without-interaction.py [ Skip ]
http/tests/resourceLoadStatistics/switch-session-on-navigation-to-prevalent-with-interaction.py [ Skip ]

# rdar://76909385
http/tests/websocket/tests/hybi/interleaved-fragments.html [ Pass Failure Timeout ]
http/tests/websocket/tests/hybi/send-object-tostring-check.html [ Pass Failure Timeout ]

# rdar://77084155 (REGRESSION: [ MacOS WK2 ] WebGL textures tests are consistently timing out)
webgl/1.0.3/conformance/textures/tex-image-and-sub-image-2d-with-video-rgb565.html [ Skip ]
webgl/1.0.3/conformance/textures/tex-image-and-sub-image-2d-with-video-rgba4444.html [ Skip ]
webgl/1.0.3/conformance/textures/tex-image-and-sub-image-2d-with-video-rgba5551.html [ Skip ]
webgl/1.0.3/conformance/textures/tex-image-and-sub-image-2d-with-video.html [ Skip ]
webgl/1.0.3/conformance/textures/texture-upload-size.html [ Skip ]
webgl/2.0.0/conformance/textures/image_bitmap_from_video/tex-2d-rgb-rgb-unsigned_byte.html [ Skip ]
webgl/2.0.0/conformance/textures/image_bitmap_from_video/tex-2d-rgb-rgb-unsigned_short_5_6_5.html [ Skip ]
webgl/2.0.0/conformance/textures/image_bitmap_from_video/tex-2d-rgba-rgba-unsigned_byte.html [ Skip ]
webgl/2.0.0/conformance/textures/image_bitmap_from_video/tex-2d-rgba-rgba-unsigned_short_4_4_4_4.html [ Skip ]
webgl/2.0.0/conformance/textures/image_bitmap_from_video/tex-2d-rgba-rgba-unsigned_short_5_5_5_1.html [ Skip ]
webgl/2.0.0/conformance/textures/misc/texture-upload-size.html [ Skip ]
webgl/2.0.0/conformance/textures/video/tex-2d-rgb-rgb-unsigned_byte.html [ Skip ]
webgl/2.0.0/conformance/textures/video/tex-2d-rgb-rgb-unsigned_short_5_6_5.html [ Skip ]
webgl/2.0.0/conformance/textures/video/tex-2d-rgba-rgba-unsigned_byte.html [ Skip ]
webgl/2.0.0/conformance/textures/video/tex-2d-rgba-rgba-unsigned_short_4_4_4_4.html [ Skip ]
webgl/2.0.0/conformance/textures/video/tex-2d-rgba-rgba-unsigned_short_5_5_5_1.html [ Skip ]
webgl/2.0.0/conformance2/textures/image_bitmap_from_video/tex-2d-r11f_g11f_b10f-rgb-float.html [ Skip ]
 webgl/2.0.0/conformance2/textures/image_bitmap_from_video/tex-2d-r11f_g11f_b10f-rgb-half_float.html [ Skip ]
webgl/2.0.0/conformance2/textures/image_bitmap_from_video/tex-2d-r11f_g11f_b10f-rgb-unsigned_int_10f_11f_11f_rev.html [ Skip ]
webgl/2.0.0/conformance2/textures/image_bitmap_from_video/tex-2d-r16f-red-float.html [ Skip ]
webgl/2.0.0/conformance2/textures/image_bitmap_from_video/tex-2d-r16f-red-half_float.html [ Skip ]
webgl/2.0.0/conformance2/textures/image_bitmap_from_video/tex-2d-r32f-red-float.html [ Skip ]
webgl/2.0.0/conformance2/textures/image_bitmap_from_video/tex-2d-r8-red-unsigned_byte.html [ Skip ]
webgl/2.0.0/conformance2/textures/image_bitmap_from_video/tex-2d-r8ui-red_integer-unsigned_byte.html [ Skip ]
webgl/2.0.0/conformance2/textures/image_bitmap_from_video/tex-2d-rg16f-rg-float.html [ Skip ]
webgl/2.0.0/conformance2/textures/image_bitmap_from_video/tex-2d-rg16f-rg-half_float.html [ Skip ]
webgl/2.0.0/conformance2/textures/image_bitmap_from_video/tex-2d-rg32f-rg-float.html [ Skip ]
webgl/2.0.0/conformance2/textures/image_bitmap_from_video/tex-2d-rg8-rg-unsigned_byte.html [ Skip ]
webgl/2.0.0/conformance2/textures/image_bitmap_from_video/tex-2d-rg8ui-rg_integer-unsigned_byte.html [ Skip ]
webgl/2.0.0/conformance2/textures/image_bitmap_from_video/tex-2d-rgb16f-rgb-float.html [ Skip ]
webgl/2.0.0/conformance2/textures/image_bitmap_from_video/tex-2d-rgb16f-rgb-half_float.html [ Skip ]
webgl/2.0.0/conformance2/textures/image_bitmap_from_video/tex-2d-rgb32f-rgb-float.html [ Skip ]
webgl/2.0.0/conformance2/textures/image_bitmap_from_video/tex-2d-rgb565-rgb-unsigned_byte.html [ Skip ]
webgl/2.0.0/conformance2/textures/image_bitmap_from_video/tex-2d-rgb565-rgb-unsigned_short_5_6_5.html [ Skip ]
webgl/2.0.0/conformance2/textures/image_bitmap_from_video/tex-2d-rgb5_a1-rgba-unsigned_byte.html [ Skip ]
webgl/2.0.0/conformance2/textures/image_bitmap_from_video/tex-2d-rgb5_a1-rgba-unsigned_short_5_5_5_1.html [ Skip ]
webgl/2.0.0/conformance2/textures/image_bitmap_from_video/tex-2d-rgb8-rgb-unsigned_byte.html [ Skip ]
webgl/2.0.0/conformance2/textures/image_bitmap_from_video/tex-2d-rgb8ui-rgb_integer-unsigned_byte.html [ Skip ]
webgl/2.0.0/conformance2/textures/image_bitmap_from_video/tex-2d-rgb9_e5-rgb-float.html [ Skip ]
webgl/2.0.0/conformance2/textures/image_bitmap_from_video/tex-2d-rgb9_e5-rgb-half_float.html [ Skip ]
webgl/2.0.0/conformance2/textures/image_bitmap_from_video/tex-2d-rgba16f-rgba-float.html [ Skip ]
webgl/2.0.0/conformance2/textures/image_bitmap_from_video/tex-2d-rgba16f-rgba-half_float.html [ Skip ]
webgl/2.0.0/conformance2/textures/image_bitmap_from_video/tex-2d-rgba32f-rgba-float.html [ Skip ]
webgl/2.0.0/conformance2/textures/image_bitmap_from_video/tex-2d-rgba4-rgba-unsigned_byte.html [ Skip ]
webgl/2.0.0/conformance2/textures/image_bitmap_from_video/tex-2d-rgba4-rgba-unsigned_short_4_4_4_4.html [ Skip ]
webgl/2.0.0/conformance2/textures/image_bitmap_from_video/tex-2d-rgba8-rgba-unsigned_byte.html [ Skip ]
webgl/2.0.0/conformance2/textures/image_bitmap_from_video/tex-2d-rgba8ui-rgba_integer-unsigned_byte.html [ Skip ]
webgl/2.0.0/conformance2/textures/image_bitmap_from_video/tex-2d-srgb8-rgb-unsigned_byte.html [ Skip ]
webgl/2.0.0/conformance2/textures/image_bitmap_from_video/tex-2d-srgb8_alpha8-rgba-unsigned_byte.html [ Skip ]
webgl/2.0.0/conformance2/textures/image_bitmap_from_video/tex-3d-r11f_g11f_b10f-rgb-float.html [ Skip ]
webgl/2.0.0/conformance2/textures/image_bitmap_from_video/tex-3d-r11f_g11f_b10f-rgb-half_float.html [ Skip ]
webgl/2.0.0/conformance2/textures/image_bitmap_from_video/tex-3d-r11f_g11f_b10f-rgb-unsigned_int_10f_11f_11f_rev.html [ Skip ]
webgl/2.0.0/conformance2/textures/image_bitmap_from_video/tex-3d-r16f-red-float.html [ Skip ]
webgl/2.0.0/conformance2/textures/image_bitmap_from_video/tex-3d-r16f-red-half_float.html [ Skip ]
webgl/2.0.0/conformance2/textures/image_bitmap_from_video/tex-3d-r32f-red-float.html [ Skip ]
webgl/2.0.0/conformance2/textures/image_bitmap_from_video/tex-3d-r8-red-unsigned_byte.html [ Skip ]
webgl/2.0.0/conformance2/textures/image_bitmap_from_video/tex-3d-r8ui-red_integer-unsigned_byte.html [ Skip ]
webgl/2.0.0/conformance2/textures/image_bitmap_from_video/tex-3d-rg16f-rg-float.html [ Skip ]
webgl/2.0.0/conformance2/textures/image_bitmap_from_video/tex-3d-rg16f-rg-half_float.html [ Skip ]
webgl/2.0.0/conformance2/textures/image_bitmap_from_video/tex-3d-rg32f-rg-float.html [ Skip ]
webgl/2.0.0/conformance2/textures/image_bitmap_from_video/tex-3d-rg8-rg-unsigned_byte.html [ Skip ]
webgl/2.0.0/conformance2/textures/image_bitmap_from_video/tex-3d-rg8ui-rg_integer-unsigned_byte.html [ Skip ]
webgl/2.0.0/conformance2/textures/image_bitmap_from_video/tex-3d-rgb16f-rgb-float.html [ Skip ]
webgl/2.0.0/conformance2/textures/image_bitmap_from_video/tex-3d-rgb16f-rgb-half_float.html [ Skip ]
webgl/2.0.0/conformance2/textures/image_bitmap_from_video/tex-3d-rgb32f-rgb-float.html [ Skip ]
webgl/2.0.0/conformance2/textures/image_bitmap_from_video/tex-3d-rgb565-rgb-unsigned_byte.html [ Skip ]
webgl/2.0.0/conformance2/textures/image_bitmap_from_video/tex-3d-rgb565-rgb-unsigned_short_5_6_5.html [ Skip ]
webgl/2.0.0/conformance2/textures/image_bitmap_from_video/tex-3d-rgb5_a1-rgba-unsigned_byte.html [ Skip ]
webgl/2.0.0/conformance2/textures/image_bitmap_from_video/tex-3d-rgb5_a1-rgba-unsigned_short_5_5_5_1.html [ Skip ]
webgl/2.0.0/conformance2/textures/image_bitmap_from_video/tex-3d-rgb8-rgb-unsigned_byte.html [ Skip ]
webgl/2.0.0/conformance2/textures/image_bitmap_from_video/tex-3d-rgb8ui-rgb_integer-unsigned_byte.html [ Skip ]
webgl/2.0.0/conformance2/textures/image_bitmap_from_video/tex-3d-rgb9_e5-rgb-float.html [ Skip ]
webgl/2.0.0/conformance2/textures/image_bitmap_from_video/tex-3d-rgb9_e5-rgb-half_float.html [ Skip ]
webgl/2.0.0/conformance2/textures/image_bitmap_from_video/tex-3d-rgba16f-rgba-float.html [ Skip ]
webgl/2.0.0/conformance2/textures/image_bitmap_from_video/tex-3d-rgba16f-rgba-half_float.html [ Skip ]
webgl/2.0.0/conformance2/textures/image_bitmap_from_video/tex-3d-rgba32f-rgba-float.html [ Skip ]
webgl/2.0.0/conformance2/textures/image_bitmap_from_video/tex-3d-rgba4-rgba-unsigned_byte.html [ Skip ]
webgl/2.0.0/conformance2/textures/image_bitmap_from_video/tex-3d-rgba4-rgba-unsigned_short_4_4_4_4.html [ Skip ]
webgl/2.0.0/conformance2/textures/image_bitmap_from_video/tex-3d-rgba8-rgba-unsigned_byte.html [ Skip ]
webgl/2.0.0/conformance2/textures/image_bitmap_from_video/tex-3d-rgba8ui-rgba_integer-unsigned_byte.html [ Skip ]
webgl/2.0.0/conformance2/textures/image_bitmap_from_video/tex-3d-srgb8-rgb-unsigned_byte.html [ Skip ]
webgl/2.0.0/conformance2/textures/image_bitmap_from_video/tex-3d-srgb8_alpha8-rgba-unsigned_byte.html [ Skip ]
webgl/2.0.0/conformance2/textures/misc/tex-image-with-bad-args-from-dom-elements.html [ Skip ]
webgl/2.0.0/conformance2/textures/video/tex-2d-r11f_g11f_b10f-rgb-float.html [ Skip ]
webgl/2.0.0/conformance2/textures/video/tex-2d-r11f_g11f_b10f-rgb-half_float.html [ Skip ]
webgl/2.0.0/conformance2/textures/video/tex-2d-r11f_g11f_b10f-rgb-unsigned_int_10f_11f_11f_rev.html [ Skip ]
webgl/2.0.0/conformance2/textures/video/tex-2d-r16f-red-float.html [ Skip ]
webgl/2.0.0/conformance2/textures/video/tex-2d-r16f-red-half_float.html [ Skip ]
webgl/2.0.0/conformance2/textures/video/tex-2d-r32f-red-float.html [ Skip ]
webgl/2.0.0/conformance2/textures/video/tex-2d-r8-red-unsigned_byte.html [ Skip ]
webgl/2.0.0/conformance2/textures/video/tex-2d-r8ui-red_integer-unsigned_byte.html [ Skip ]
webgl/2.0.0/conformance2/textures/video/tex-2d-rg16f-rg-float.html [ Skip ]
webgl/2.0.0/conformance2/textures/video/tex-2d-rg16f-rg-half_float.html [ Skip ]
webgl/2.0.0/conformance2/textures/video/tex-2d-rg32f-rg-float.html [ Skip ]
webgl/2.0.0/conformance2/textures/video/tex-2d-rg8-rg-unsigned_byte.html [ Skip ]
webgl/2.0.0/conformance2/textures/video/tex-2d-rg8ui-rg_integer-unsigned_byte.html [ Skip ]
webgl/2.0.0/conformance2/textures/video/tex-2d-rgb16f-rgb-float.html [ Skip ]
webgl/2.0.0/conformance2/textures/video/tex-2d-rgb16f-rgb-half_float.html [ Skip ]
webgl/2.0.0/conformance2/textures/video/tex-2d-rgb32f-rgb-float.html [ Skip ]
webgl/2.0.0/conformance2/textures/video/tex-2d-rgb565-rgb-unsigned_byte.html [ Skip ]
webgl/2.0.0/conformance2/textures/video/tex-2d-rgb565-rgb-unsigned_short_5_6_5.html [ Skip ]
webgl/2.0.0/conformance2/textures/video/tex-2d-rgb5_a1-rgba-unsigned_byte.html [ Skip ]
webgl/2.0.0/conformance2/textures/video/tex-2d-rgb5_a1-rgba-unsigned_short_5_5_5_1.html [ Skip ]
webgl/2.0.0/conformance2/textures/video/tex-2d-rgb8-rgb-unsigned_byte.html [ Skip ]
webgl/2.0.0/conformance2/textures/video/tex-2d-rgb8ui-rgb_integer-unsigned_byte.html [ Skip ]
webgl/2.0.0/conformance2/textures/video/tex-2d-rgb9_e5-rgb-float.html [ Skip ]
webgl/2.0.0/conformance2/textures/video/tex-2d-rgb9_e5-rgb-half_float.html [ Skip ]
webgl/2.0.0/conformance2/textures/video/tex-2d-rgba16f-rgba-float.html [ Skip ]
webgl/2.0.0/conformance2/textures/video/tex-2d-rgba16f-rgba-half_float.html [ Skip ]
webgl/2.0.0/conformance2/textures/video/tex-2d-rgba32f-rgba-float.html [ Skip ]
webgl/2.0.0/conformance2/textures/video/tex-2d-rgba4-rgba-unsigned_byte.html [ Skip ]
webgl/2.0.0/conformance2/textures/video/tex-2d-rgba4-rgba-unsigned_short_4_4_4_4.html [ Skip ]
webgl/2.0.0/conformance2/textures/video/tex-2d-rgba8-rgba-unsigned_byte.html [ Skip ]
webgl/2.0.0/conformance2/textures/video/tex-2d-rgba8ui-rgba_integer-unsigned_byte.html [ Skip ]
webgl/2.0.0/conformance2/textures/video/tex-2d-srgb8-rgb-unsigned_byte.html [ Skip ]
webgl/2.0.0/conformance2/textures/video/tex-2d-srgb8_alpha8-rgba-unsigned_byte.html [ Skip ]
webgl/2.0.0/conformance2/textures/video/tex-3d-r11f_g11f_b10f-rgb-float.html [ Skip ]
webgl/2.0.0/conformance2/textures/video/tex-3d-r11f_g11f_b10f-rgb-half_float.html [ Skip ]
webgl/2.0.0/conformance2/textures/video/tex-3d-r11f_g11f_b10f-rgb-unsigned_int_10f_11f_11f_rev.html [ Skip ]
webgl/2.0.0/conformance2/textures/video/tex-3d-r16f-red-float.html [ Skip ]
webgl/2.0.0/conformance2/textures/video/tex-3d-r16f-red-half_float.html [ Skip ]
webgl/2.0.0/conformance2/textures/video/tex-3d-r32f-red-float.html [ Skip ]
webgl/2.0.0/conformance2/textures/video/tex-3d-r8-red-unsigned_byte.html [ Skip ]
webgl/2.0.0/conformance2/textures/video/tex-3d-r8ui-red_integer-unsigned_byte.html [ Skip ]
webgl/2.0.0/conformance2/textures/video/tex-3d-rg16f-rg-float.html [ Skip ]
webgl/2.0.0/conformance2/textures/video/tex-3d-rg16f-rg-half_float.html [ Skip ]
webgl/2.0.0/conformance2/textures/video/tex-3d-rg32f-rg-float.html [ Skip ]
webgl/2.0.0/conformance2/textures/video/tex-3d-rg8-rg-unsigned_byte.html [ Skip ]
webgl/2.0.0/conformance2/textures/video/tex-3d-rg8ui-rg_integer-unsigned_byte.html [ Skip ]
webgl/2.0.0/conformance2/textures/video/tex-3d-rgb16f-rgb-float.html [ Skip ]
webgl/2.0.0/conformance2/textures/video/tex-3d-rgb16f-rgb-half_float.html [ Skip ]
webgl/2.0.0/conformance2/textures/video/tex-3d-rgb32f-rgb-float.html [ Skip ]
webgl/2.0.0/conformance2/textures/video/tex-3d-rgb565-rgb-unsigned_byte.html [ Skip ]
webgl/2.0.0/conformance2/textures/video/tex-3d-rgb565-rgb-unsigned_short_5_6_5.html [ Skip ]
webgl/2.0.0/conformance2/textures/video/tex-3d-rgb5_a1-rgba-unsigned_byte.html [ Skip ]
webgl/2.0.0/conformance2/textures/video/tex-3d-rgb5_a1-rgba-unsigned_short_5_5_5_1.html [ Skip ]
webgl/2.0.0/conformance2/textures/video/tex-3d-rgb8-rgb-unsigned_byte.html [ Skip ]
webgl/2.0.0/conformance2/textures/video/tex-3d-rgb8ui-rgb_integer-unsigned_byte.html [ Skip ]
webgl/2.0.0/conformance2/textures/video/tex-3d-rgb9_e5-rgb-float.html [ Skip ]
webgl/2.0.0/conformance2/textures/video/tex-3d-rgb9_e5-rgb-half_float.html [ Skip ]
webgl/2.0.0/conformance2/textures/video/tex-3d-rgba16f-rgba-float.html [ Skip ]
webgl/2.0.0/conformance2/textures/video/tex-3d-rgba16f-rgba-half_float.html [ Skip ]
webgl/2.0.0/conformance2/textures/video/tex-3d-rgba32f-rgba-float.html [ Skip ]
webgl/2.0.0/conformance2/textures/video/tex-3d-rgba4-rgba-unsigned_byte.html [ Skip ]
webgl/2.0.0/conformance2/textures/video/tex-3d-rgba4-rgba-unsigned_short_4_4_4_4.html [ Skip ]
webgl/2.0.0/conformance2/textures/video/tex-3d-rgba8-rgba-unsigned_byte.html [ Skip ]
webgl/2.0.0/conformance2/textures/video/tex-3d-rgba8ui-rgba_integer-unsigned_byte.html [ Skip ]
webgl/2.0.0/conformance2/textures/video/tex-3d-srgb8-rgb-unsigned_byte.html [ Skip ]
webgl/2.0.0/conformance2/textures/video/tex-3d-srgb8_alpha8-rgba-unsigned_byte.html [ Skip ]

# fast/events/controlclick-no-onclick.html fails or times out on Mac WK2
webkit.org/b/105948 fast/events/controlclick-no-onclick.html [ Skip ]

webkit.org/b/105954 http/tests/navigation/reload-subframe-object.html [ Failure ]

webkit.org/b/104954 http/tests/canvas/canvas-slow-font-loading.html [ ImageOnlyFailure ]

# Flaky everywhere.
webkit.org/b/114302 platform/mac-wk2/plugins/mouse-events-scaled-iframe.html [ Pass Failure Crash ]

webkit.org/b/114572 platform/mac-wk2/plugins/mouse-events-scaled.html [ Pass Failure ]

webkit.org/b/136109 fast/multicol/mixed-opacity-fixed-test.html  [ ImageOnlyFailure ]

# Reference expectation doesn't end up in compositing code path, leading to antialiasing differences.
webkit.org/b/132421 fast/multicol/fixed-stack.html [ ImageOnlyFailure ]

# Incomplete implementation of eventSender causes this test to fail
webkit.org/b/42194 fast/scrolling/scroll-select-list.html [ ImageOnlyFailure ]

webkit.org/b/107018 svg/animations/mozilla/animateMotion-mpath-pathLength-1.svg [ ImageOnlyFailure Pass ]

webkit.org/b/124476 platform/mac-wk2/plugins/slow/asynchronous-plugin-initialization-multiple.html [ Pass Failure ]

# uiElementForSearchPredicate() is not returning an undefined object when the search returns no results
webkit.org/b/125996 accessibility/mac/search-when-element-starts-in-table.html [ Failure ]
webkit.org/b/125996 accessibility/mac/search-predicate-visible-button.html [ Failure ]

webkit.org/b/162999 accessibility/mac/wk1-set-selected-text-marker-range-input-element.html [ Skip ]

webkit.org/b/162999 [ Debug ] accessibility/mac/native-text-control-set-selected-textmarker-range.html [ Pass Failure ]

# testRunner.setUseDeferredFrameLoading is not implemented.
webkit.org/b/172544 [ Debug ] tiled-drawing/scrolling/fast-scroll-iframe-latched-mainframe-with-handler.html [ Pass Failure ]

webkit.org/b/139820 fast/frames/lots-of-objects.html [ Pass Timeout ]
webkit.org/b/139820 fast/frames/lots-of-iframes.html [ Pass Timeout ]

webkit.org/b/145432 media/video-transformed-by-javascript.html [ Failure ]

# A lot of the disk-cache tests are flaky on mac-wk2
webkit.org/b/149087 [ Debug ] http/tests/cache/disk-cache/disk-cache-validation-no-body.html [ Pass Failure Timeout ]
webkit.org/b/149087 [ Debug ] http/tests/cache/disk-cache/disk-cache-validation.html [ Pass Failure Timeout ]
webkit.org/b/149087 [ Release ] http/tests/cache/disk-cache/disk-cache-validation.html [ Pass Timeout ]
webkit.org/b/149087 [ Debug ] http/tests/cache/disk-cache/disk-cache-last-modified.html [ Pass Failure Timeout ]
webkit.org/b/149087 [ Debug ] http/tests/cache/disk-cache/disk-cache-vary.html [ Pass Failure Timeout ]
webkit.org/b/147075 [ Debug ] http/tests/cache/disk-cache/disk-cache-disable.html [ Pass Failure Timeout ]
webkit.org/b/149087 [ Debug ] http/tests/cache/disk-cache/disk-cache-vary-no-body.html [ Pass Failure Timeout ]

webkit.org/b/150241 webarchive/loading/object.html [ Pass Crash ]

webkit.org/b/150942 animations/multiple-backgrounds.html [ Pass ImageOnlyFailure ]

webkit.org/b/151326 webarchive/loading/missing-data.html [ Pass Crash ]

webkit.org/b/151455 [ Release ] http/tests/xmlhttprequest/workers/methods-async.html [ Pass Timeout ]

webkit.org/b/150542 fast/forms/state-restore-per-form.html [ Pass Timeout ]

webkit.org/b/254706 imported/w3c/web-platform-tests/html/dom/idlharness.https.html [ Pass Failure ]

webkit.org/b/151709 [ Release ] http/tests/xmlhttprequest/workers/methods.html [ Pass Timeout ]


# webkit.org/b/263955 Twelve css WPTs are failing with async overflow scrolling enabled on macOS
imported/w3c/web-platform-tests/css/compositing/mix-blend-mode/mix-blend-mode-parent-element-overflow-scroll.html [ ImageOnlyFailure ]
imported/w3c/web-platform-tests/css/css-grid/grid-model/grid-container-scrollbar-vertical-lr-001.html [ ImageOnlyFailure ]
imported/w3c/web-platform-tests/css/css-grid/grid-model/grid-container-scrollbar-vertical-rl-001.html [ ImageOnlyFailure ]
imported/w3c/web-platform-tests/css/css-masking/clip/clip-rect-scroll.html [ ImageOnlyFailure ]
imported/w3c/web-platform-tests/css/css-position/position-fixed-scroll-nested-fixed.html [ ImageOnlyFailure ]
imported/w3c/web-platform-tests/css/css-ui/outline-negative-offset-composited-scroll.html [ ImageOnlyFailure ]
imported/w3c/web-platform-tests/css/css-scroll-snap/snap-inline-block.html [ Failure ]
imported/w3c/web-platform-tests/css/css-transforms/transform3d-preserve3d-001.html [ ImageOnlyFailure ]
imported/w3c/web-platform-tests/css/cssom-view/scroll-behavior-element.html [ Failure ]

webkit.org/b/260640 [ Release arm64 ] editing/execCommand/apply-inline-style-to-element-with-no-renderer-crash.html [ Pass Failure ]

### END OF (1) Classified failures with bug reports
########################################


########################################
### START OF (2) Classified failures without bug reports (yet)

# Missing TextChecker::requestCheckingOfString() implementation for Mac.
editing/spelling/grammar-markers.html [ Skip ]
editing/spelling/grammar-paste.html [ Skip ]
editing/spelling/grammar-markers-hidpi.html [ Skip ]
editing/spelling/inline-spelling-markers.html [ Skip ]
editing/spelling/inline-spelling-markers-hidpi.html [ Skip ]
editing/spelling/spellcheck-async-mutation.html [ Skip ]
editing/spelling/spellcheck-async.html [ Skip ]
editing/spelling/spellcheck-queue.html [ Skip ]
editing/spelling/spelling-insert-html.html [ Skip ]

### END OF (2) Classified failures without bug reports (yet)
########################################


########################################
### START OF (3) Unclassified failures

fast/forms/range/slider-delete-while-dragging-thumb.html [ Failure ]
svg/W3C-SVG-1.1/fonts-elem-04-b.svg [ Failure ]

# Unclear yet why this test fails.
editing/secure-input/password-input-focusing-to-different-frame.html [ Failure ]

# textInputController.hasMarkedText is implemented, but gives a wrong result for some reason.
editing/mac/input/unconfirmed-text-navigation-with-page-cache.html [ Failure ]

# test results in DRT don't match in browser behavior, test seems broken
fast/dom/Window/mozilla-focus-blur.html [ Pass Failure ]

webkit.org/b/132766 fast/hidpi/filters-blur.html [ ImageOnlyFailure ]
webkit.org/b/132766 fast/hidpi/filters-hue-rotate.html [ ImageOnlyFailure ]
webkit.org/b/132766 fast/hidpi/filters-invert.html [ ImageOnlyFailure ]
webkit.org/b/132766 fast/hidpi/filters-multiple.html [ ImageOnlyFailure ]
webkit.org/b/132766 fast/hidpi/filters-reference.html [ ImageOnlyFailure ]

fast/dom/frame-loading-via-document-write.html [ Timeout ]

fast/speechsynthesis/speech-synthesis-cancel.html [ Pass Timeout ]

webkit.org/b/140084 js/dom/dfg-inline-resolve.html [ Pass Timeout ]

webkit.org/b/139828 svg/animations/animateMotion-additive-2a.svg [ Pass ImageOnlyFailure ]
webkit.org/b/139828 svg/animations/animateMotion-additive-2b.svg [ Pass ImageOnlyFailure ]
webkit.org/b/139828 svg/animations/animateMotion-additive-2c.svg [ Pass ImageOnlyFailure ]
webkit.org/b/139828 svg/animations/animateMotion-additive-2d.svg [ Pass ImageOnlyFailure ]

[ Debug ] editing/undo/remove-css-property-and-remove-style.html [ Pass Failure ]

### END OF (3) Unclassified failures
########################################

########################################
### START OF (4) Features that are not supported in WebKit2 and likely never will be

# WebKitTestRunner needs textInputController
# <https://bugs.webkit.org/show_bug.cgi?id=42337>
editing/mac/input/5576619.html
editing/mac/input/bold-node.html
editing/mac/input/caret-primary-bidi.html
editing/mac/input/firstrectforcharacterrange-caret-in-br.html
editing/mac/input/firstrectforcharacterrange-plain.html
editing/mac/input/firstrectforcharacterrange-styled.html
editing/mac/input/firstrectforcharacterrange-vertical.html
editing/mac/input/hangul-enter-confirms-and-sends-keypress.html
editing/mac/input/insert-delete-smp-symbol.html
editing/mac/input/kotoeri-enter-to-confirm-and-newline.html
editing/mac/input/range-for-empty-document.html
editing/mac/input/replace-invalid-range.html
editing/mac/input/secure-input.html
editing/mac/input/text-input-controller.html
editing/mac/input/text-input-controller-no-editable-no-crash.html
editing/mac/input/wrapped-line-char-rect.html
editing/mac/input/NSBackgroundColor-transparent.html
editing/mac/selection/25228.html

# WebKitTestRunner needs testRunner.setCallCloseOnWebViews
# http://webkit.org/b/46714
accessibility/mac/search-predicate-visited-links.html

# AX tests that require hit testing do not work in WK2.
webkit.org/b/71298 accessibility/mac/html-slider-indicator.html
webkit.org/b/71298 accessibility/mac/listbox-hit-test.html
webkit.org/b/71298 accessibility/mac/iframe-with-title-correct-hierarchy.html

### END OF (4) Features that are not supported in WebKit2 and likely never will be
########################################

########################################
### START OF (5) Features that are not supported when NetworkProcess is enabled (i.e. they only work on Mountain Lion, and not on newer OS versions).

# There is no network load scheduling or prioritization with NetworkProcess.
webkit.org/b/123431 http/tests/local/link-stylesheet-load-order-preload.html [ Failure ]
webkit.org/b/123431 http/tests/local/link-stylesheet-load-order.html [ Failure ]

### END OF (5) Features that are not supported in WebKit2, on Mavericks
########################################

########################################
### START OF (6) New WebKit2-only failures in Yosemite

webkit.org/b/140607 http/tests/navigation/navigation-interrupted-by-fragment.html [ Pass Timeout ]

webkit.org/b/141322 [ Debug ] fast/images/destroyed-image-load-event.html [ Pass Timeout ]

webkit.org/b/141085 http/tests/media/video-query-url.html [ Pass Timeout ]

### END OF (6) New WebKit2-only failures in Yosemite
########################################

# Network interception with a mapped file is only mac-wk2 for now.
http/tests/inspector/network/local-resource-override-mapped-to-directory.html [ Pass ]
http/tests/inspector/network/local-resource-override-mapped-to-file.html [ Pass ]

# Network throttling is currently disabled pending rdar://122224142 (Per process network link conditioner SPI).
http/tests/inspector/network/setEmulatedConditions.html [ Skip ]

# Content Extensions tests must be enabled explicitly on mac-wk2.
http/tests/contentextensions [ Pass ]
http/tests/inspector/network/contentextensions [ Pass ]
http/tests/websocket/tests/hybi/contentextensions [ Pass ]
http/wpt/beacon/contentextensions [ Pass ]

# The following tests are flaky.
webkit.org/b/179557 http/tests/websocket/tests/hybi/contentextensions/upgrade-worker.html [ Pass Failure ]
webkit.org/b/168081 http/tests/contentextensions/async-xhr-onerror.html [ Pass Timeout ]
webkit.org/b/146400 http/tests/contentextensions/character-set-basic-support.html [ Pass Failure ]

# WebKit1-only failure.
webkit.org/b/103857 fast/events/mouse-cursor-change.html [ Pass ]

# Imported Blink tests which have not been investigated. Partially covered with rdar://problem/23023848.
imported/blink/fast/multicol/basic-rtl.html [ Pass ImageOnlyFailure ]
imported/blink/fast/multicol/dynamic/add-spanner-inside-overflow-hidden.html [ Pass ImageOnlyFailure ]
imported/blink/fast/multicol/newmulticol/multicol-becomes-regular-block.html [ Pass ImageOnlyFailure ]
imported/blink/fast/transforms/transform-update-frame-overflow.html [ Pass ImageOnlyFailure ]

webkit.org/b/261208 [ Ventura Release ] fast/text-autosizing/ios/text-autosizing-after-back.html [ Pass ImageOnlyFailure ]

# PiP tests are only enabled for Sierra WebKit2.
# rdar://problem/27574303
media/fullscreen-api-enabled-media-with-presentation-mode.html [ Pass ]
webkit.org/b/173199 media/navigate-with-pip-should-not-crash.html [ Pass Failure ]
media/picture-in-picture [ Pass ]
media/remove-video-element-in-pip-from-document.html [ Pass ]

# RTL Scrollbars are enabled on Sierra WebKit2.
webkit.org/b/179455 fast/scrolling/rtl-scrollbars.html [ Pass ImageOnlyFailure ]
fast/scrolling/rtl-scrollbars-simple.html [ Pass ]
fast/scrolling/rtl-scrollbars-overflow-contents.html [ Pass ]
fast/scrolling/rtl-scrollbars-overflow-dir-rtl.html [ Pass ]
fast/scrolling/rtl-scrollbars-overflow-padding.html [ Pass ]
fast/scrolling/rtl-scrollbars-overflow-simple.html [ Pass ]
fast/scrolling/rtl-scrollbars-overflow.html [ Pass ]
fast/scrolling/rtl-scrollbars-overflow-elementFromPoint.html [ Pass ]
fast/scrolling/rtl-scrollbars-overflow-position-absolute.html [ Pass ]
fast/scrolling/rtl-scrollbars-overflow-text-selection-scrolled.html [ Pass ]
fast/scrolling/rtl-scrollbars-position-absolute.html [ Pass ]
fast/scrolling/rtl-scrollbars-position-fixed.html [ Pass ]
fast/scrolling/rtl-scrollbars-text-selection-scrolled.html [ Pass ]
fast/scrolling/rtl-scrollbars-text-selection.html [ Pass ]
fast/scrolling/rtl-scrollbars-elementFromPoint-static.html [ Pass ]
fast/scrolling/rtl-scrollbars-iframe-scrolled.html [ Pass ]
fast/scrolling/rtl-scrollbars-positioning.html [ Pass ]
fast/scrolling/rtl-scrollbars-listbox-scroll.html [ Pass ]
fast/scrolling/rtl-scrollbars-listbox-select-left.html [ Pass ]
fast/scrolling/rtl-scrollbars-listbox-select-right.html [ Pass ]
fast/scrolling/rtl-scrollbars-listbox-simple.html [ Pass ]
fast/scrolling/rtl-scrollbars-listbox.html [ Pass ]
fast/scrolling/rtl-scrollbars-positioned-intersect-scrollbars.html [ Pass ]
fast/scrolling/rtl-scrollbars-alternate-body-dir-attr-does-not-update-scrollbar-placement-2.html [ Pass ]
fast/scrolling/rtl-scrollbars-animation-property.html [ Pass ]

webkit.org/b/167607 [ Debug ] http/tests/inspector/worker/blob-script-with-cross-domain-imported-scripts.html [ Pass Timeout ]

webkit.org/b/160042 accessibility/mac/value-change/value-change-user-info-contenteditable.html [ Pass Failure ]

webkit.org/b/160309 fast/dom/Window/child-window-focus.html [ Pass Failure ]

webkit.org/b/161148 gamepad/gamepad-timestamp.html [ Pass Failure ]
webkit.org/b/167517 gamepad/gamepad-visibility-1.html [ Pass Failure ]

webkit.org/b/161633 [ Debug ] storage/indexeddb/objectstore-cursor.html [ Pass Timeout ]

webkit.org/b/162081 editing/inserting/typing-space-to-trigger-smart-link.html [ Failure ]
webkit.org/b/162081 editing/inserting/smart-quote-with-all-configurations.html [ Failure ]
webkit.org/b/162081 fast/events/input-event-insert-link.html [ Failure ]

webkit.org/b/161926 storage/indexeddb/index-cursor.html [ Pass Timeout ]


webkit.org/b/162685  http/tests/cache/disk-cache/disk-cache-204-status-code.html [ Pass Failure ]

webkit.org/b/161649 [ Debug ] http/tests/cache/disk-cache/resource-becomes-uncacheable.html [ Pass Failure ]

webkit.org/b/163136 http/tests/xmlhttprequest/auth-reject-protection-space.html [ Pass Failure ]

webkit.org/b/162975 http/tests/cache/disk-cache/memory-cache-revalidation-updates-disk-cache.html [ Pass Failure ]

webkit.org/b/161653 [ Debug ] storage/indexeddb/key-generator.html [ Pass Timeout ]

webkit.org/b/163702 platform/mac-wk2/plugins/muted-state.html [ Failure ]

webkit.org/b/187935 [ Release ] imported/w3c/web-platform-tests/service-workers/cache-storage/serviceworker/cache-storage-match.https.html  [ Pass Failure ]

webkit.org/b/165352 fast/dom/Window/window-resize-contents.html [ Pass Timeout ]

webkit.org/b/168065 inspector/unit-tests/heap-snapshot.html [ Pass Failure Timeout ]

webkit.org/b/168085 tiled-drawing/scrolling/latched-to-deleted-node.html [ Pass Failure ]

# Skipped because Mac doesn't have a key to show the context menu
fast/events/context-activated-by-key-event.html [ Skip ]

compositing/tiling/non-visible-window-tile-coverage.html [ Pass ]

webkit.org/b/171763 compositing/tiling/non-active-window-tiles-size.html [ Pass Failure ]

webkit.org/b/168937  tiled-drawing/scrolling/fast-scroll-iframe-latched-mainframe.html [ Pass Failure ]

webkit.org/b/172454 http/tests/navigation/statistics.html [ Pass Failure ]

webkit.org/b/173188 fast/mediastream/getUserMedia-grant-persistency3.html [ Pass Failure ]

webkit.org/b/167757 workers/bomb.html [ Pass Timeout ]

webkit.org/b/187649 editing/selection/update-selection-by-style-change.html [ Pass ImageOnlyFailure ]

# Touch events are not available on open source bots, thus only tested on Mac.
http/tests/resourceLoadStatistics/user-interaction-in-cross-origin-sub-frame.html [ Pass ]
http/tests/resourceLoadStatistics/user-interaction-reported-after-website-data-removal.html [ Pass ]

http/tests/storageAccess/ [ Pass ]
#http/tests/storageAccess/request-and-grant-access-then-navigate-cross-site-should-not-have-access.html [ Pass Timeout ]
http/tests/storageAccess/deny-with-prompt-does-not-preserve-gesture.html [ Skip ]

# Enable again when fixing https://bugs.webkit.org/show_bug.cgi?id=208400.
http/tests/storageAccess/has-storage-access-true-if-third-party-has-cookies-ephemeral.https.html [ Skip ]

# As of https://trac.webkit.org/changeset/227762 the timestampResolution is just 5 seconds which makes this test flaky
http/tests/resourceLoadStatistics/user-interaction-only-reported-once-within-short-period-of-time.html [ Skip ]

webkit.org/b/173861 [ Release ] http/tests/webrtc/filtering-ice-candidate-same-origin-frame.html [ Pass Timeout ]
webkit.org/b/173861 [ Release ] http/tests/webrtc/filtering-ice-candidate-cross-origin-frame.html [ Pass Timeout ]

webkit.org/b/172148 tiled-drawing/scrolling/scroll-snap/scroll-snap-mandatory-mainframe-vertical.html [ Pass Failure ]

webkit.org/b/173779 [ Debug ] fast/scrolling/arrow-key-scroll-in-rtl-document.html [ Pass Failure ]

webkit.org/b/173500 http/tests/loading/basic-auth-remove-credentials.html [ Pass Failure ]

webkit.org/b/175781 svg/in-html/by-reference.html [ Pass Failure ]

webkit.org/b/169238 fast/events/mouse-cursor-no-mousemove.html [ Pass Failure ]

webkit.org/b/185994 fast/text/user-installed-fonts/shadow-family.html [ Pass ImageOnlyFailure ]
webkit.org/b/185994 fast/text/user-installed-fonts/shadow-postscript-family.html [ Pass ImageOnlyFailure ]

# Reenabled tests for supported platforms
fast/text/user-installed-fonts/extended-character.html [ Pass ]
fast/text/user-installed-fonts/extended-character-with-user-font.html [ Pass ]

# <rdar://problem/31634451>
http/tests/resourceLoadStatistics/cookies-with-and-without-user-interaction.html [ Pass ]
http/tests/resourceLoadStatistics/cookie-deletion.html [ Pass ]
http/tests/resourceLoadStatistics/non-prevalent-resources-can-access-cookies-in-a-third-party-context.html [ Pass ]
http/tests/resourceLoadStatistics/add-blocking-to-redirect.html [ Pass ]
#http/tests/resourceLoadStatistics/do-not-remove-blocking-in-redirect.https.html [ Pass ]
http/tests/resourceLoadStatistics/clear-in-memory-and-persistent-store.html [ Pass ]
http/tests/resourceLoadStatistics/clear-in-memory-and-persistent-store-one-hour.html [ Pass ]
http/tests/resourceLoadStatistics/grandfathering.html [ Pass ]
http/tests/resourceLoadStatistics/strip-referrer-to-origin-for-third-party-redirects.html [ Pass ]
http/tests/resourceLoadStatistics/strip-referrer-to-origin-for-third-party-requests.html [ Pass ]
http/tests/resourceLoadStatistics/cap-cache-max-age-for-prevalent-resource.html [ Pass ]

# The SameSite cookie API is only available in macOS Catalina and above.
#http/tests/resourceLoadStatistics/set-all-cookies-to-same-site-strict.html [ Pass ]
http/tests/resourceLoadStatistics/enforce-samesite-strict-based-on-top-frame-unique-redirects-to.html [ Pass ]

# Skipped in general expectations since they only work on iOS and Mac, WK2.
media/deactivate-audio-session.html [ Pass ]

# Image controls menu is mac only.
fast/attachment/attachment-image-controls-basic.html [ Pass ]

webkit.org/b/177687 http/tests/inspector/network/resource-sizes-memory-cache.html [ Pass Failure ]

webkit.org/b/178472 http/tests/resourceLoadStatistics/prevalent-resource-handled-keydown.html [ Skip ]
webkit.org/b/178472 http/tests/resourceLoadStatistics/prevalent-resource-with-user-interaction-timeout.html [ Skip ]

http/wpt/cache-storage/cache-put-keys.https.any.html [ Slow ]
http/wpt/cache-storage/a-cache-open.https.html [ Slow ]
http/wpt/cache-storage/cache-quota.any.html [ Slow ]
http/wpt/cache-storage/cache-put-keys.https.any.worker.html [ Slow ]
http/wpt/cache-storage/cache-remove-twice.html [ Slow ]
http/wpt/cache-storage/cache-open-delete-in-parallel.https.html [ Slow ]
http/wpt/cache-storage/cache-quota-add.any.html [ Slow ]
http/wpt/cache-storage/quota-third-party.https.html [ Slow ]
http/wpt/cache-storage/cache-quota-after-restart.any.html [ Slow ]

webkit.org/b/181750 imported/w3c/web-platform-tests/service-workers/service-worker/fetch-request-redirect.https.html [ DumpJSConsoleLogInStdErr Pass Failure Crash ]

webkit.org/b/181839 [ Debug ] inspector/debugger/breakpoint-action-log.html [ Pass Timeout ]

webkit.org/b/179352 imported/w3c/web-platform-tests/service-workers/service-worker/windowclient-navigate.https.html [ Pass Failure Slow ]

webkit.org/b/183164 fast/dom/Window/window-focus-self.html [ Pass Failure ]

webkit.org/b/229473 media/modern-media-controls/seek-backward-support/seek-backward-support.html [ Pass Timeout ]

webkit.org/b/184245 http/tests/workers/service/service-worker-cache-api.https.html [ Pass Failure ]

webkit.org/b/184937 transitions/opacity-transition-zindex.html [ Skip ]

webkit.org/b/186362 [ Release ] http/tests/resourceLoadStatistics/prevalent-resource-with-user-interaction.html [ Skip ]

webkit.org/b/189598 compositing/backing/backing-store-attachment-fill-forwards-animation.html [ Pass Failure ]

webkit.org/b/271207 http/wpt/webauthn/public-key-credential-create-failure-local-silent.https.html [ Failure Crash ]
webkit.org/b/271207 http/wpt/webauthn/public-key-credential-create-failure-local.https.html [ Failure Crash ]
webkit.org/b/271207 http/wpt/webauthn/public-key-credential-create-success-local.https.html [ Failure Crash ]
webkit.org/b/271207 http/wpt/webauthn/public-key-credential-get-success-local.https.html [ Failure Crash ]
webkit.org/b/271207 http/wpt/webauthn/public-key-credential-get-failure-local.https.html [ Failure Crash ]

webkit.org/b/194826 http/tests/resourceLoadStatistics/do-not-block-top-level-navigation-redirect.html [ Pass Timeout ]

webkit.org/b/187391 accessibility/mac/async-increment-decrement-action.html [ Skip ]

#http/tests/storageAccess/request-and-grant-access-cross-origin-sandboxed-iframe-from-prevalent-domain-with-user-interaction-but-access-from-wrong-frame.html [ Pass Timeout ]

webkit.org/b/197207 http/wpt/resource-timing/rt-resources-per-frame.html [ Pass Failure ]

webkit.org/b/197662 imported/w3c/web-platform-tests/webrtc/RTCPeerConnection-getStats.https.html [ Pass Failure ]

webkit.org/b/198195 fast/css/sticky/sticky-left-percentage.html [ Pass ImageOnlyFailure ]

webkit.org/b/187828 [ Release ] fast/css-grid-layout/flex-content-sized-columns-resize.html [ Pass ImageOnlyFailure ]

#webkit.org/b/198663 http/tests/storageAccess/request-and-grant-access-then-navigate-same-site-should-have-access.html [ Pass Timeout ]

webkit.org/b/205808 fast/text/international/unicode-bidi-other-neutrals.html [ Pass Failure ]

# <rdar://problem/60929239> [ macOS wk2 ] editing/selection/caret-at-bidi-boundary.html is a flaky timeout
webkit.org/b/206696 editing/selection/caret-at-bidi-boundary.html [ Pass Timeout ]

webkit.org/b/206708 fast/animation/request-animation-frame-iframe.html [ Pass Failure ]

# rdar://92774119 ([ Ventura Release wk2 ] 27X imported/w3c/web-platform-tests/html/semantics/embedded-content/media-elements (Layout-Tests) are flaky text failures)
[ Release ] imported/w3c/web-platform-tests/html/semantics/embedded-content/media-elements/audio_loop_seek_to_eos.html [ Pass Failure ]
[ Release ] imported/w3c/web-platform-tests/html/semantics/embedded-content/media-elements/event_canplay.html [ Pass Failure ]
[ Release ] imported/w3c/web-platform-tests/html/semantics/embedded-content/media-elements/event_canplay_noautoplay.html [ Pass Failure ]
[ Release ] imported/w3c/web-platform-tests/html/semantics/embedded-content/media-elements/event_canplaythrough.html [ Pass Failure ]
[ Release ] imported/w3c/web-platform-tests/html/semantics/embedded-content/media-elements/event_canplaythrough_noautoplay.html [ Pass Failure ]
[ Release ] imported/w3c/web-platform-tests/html/semantics/embedded-content/media-elements/event_loadeddata.html [ Pass Failure ]
[ Release ] imported/w3c/web-platform-tests/html/semantics/embedded-content/media-elements/event_loadeddata_noautoplay.html [ Pass Failure ]
[ Release ] imported/w3c/web-platform-tests/html/semantics/embedded-content/media-elements/event_loadedmetadata.html [ Pass Failure ]
[ Release ] imported/w3c/web-platform-tests/html/semantics/embedded-content/media-elements/event_loadedmetadata_noautoplay.html [ Pass Failure ]
[ Release ] imported/w3c/web-platform-tests/html/semantics/embedded-content/media-elements/event_play.html [ Pass Failure ]
[ Release ] imported/w3c/web-platform-tests/html/semantics/embedded-content/media-elements/event_pause.html [ Pass Failure ]
[ Release ] imported/w3c/web-platform-tests/html/semantics/embedded-content/media-elements/event_order_loadstart_progress.html [ Pass Failure ]
[ Release ] imported/w3c/web-platform-tests/html/semantics/embedded-content/media-elements/event_order_loadedmetadata_loadeddata.html [ Pass Failure ]
[ Release ] imported/w3c/web-platform-tests/html/semantics/embedded-content/media-elements/event_order_canplay_playing.html [ Pass Failure ]
[ Release ] imported/w3c/web-platform-tests/html/semantics/embedded-content/media-elements/event_order_canplay_canplaythrough.html [ Pass Failure ]
[ Release ] imported/w3c/web-platform-tests/html/semantics/embedded-content/media-elements/paused_false_during_play.html [ Pass Failure ]
[ Release ] imported/w3c/web-platform-tests/html/semantics/embedded-content/media-elements/event_timeupdate_noautoplay.html [ Pass Failure ]
[ Release ] imported/w3c/web-platform-tests/html/semantics/embedded-content/media-elements/event_timeupdate.html [ Pass Failure ]
[ Release ] imported/w3c/web-platform-tests/html/semantics/embedded-content/media-elements/event_progress_noautoplay.html [ Pass Failure ]
[ Release ] imported/w3c/web-platform-tests/html/semantics/embedded-content/media-elements/event_progress.html [ Pass Failure ]
[ Release ] imported/w3c/web-platform-tests/html/semantics/embedded-content/media-elements/event_playing_noautoplay.html [ Pass Failure ]
[ Release ] imported/w3c/web-platform-tests/html/semantics/embedded-content/media-elements/event_playing.html [ Pass Failure ]
[ Release ] imported/w3c/web-platform-tests/html/semantics/embedded-content/media-elements/readyState_during_playing.html [ Pass Failure ]
[ Release ] imported/w3c/web-platform-tests/html/semantics/embedded-content/media-elements/readyState_during_loadedmetadata.html [ Pass Failure ]
[ Release ] imported/w3c/web-platform-tests/html/semantics/embedded-content/media-elements/readyState_during_loadeddata.html [ Pass Failure ]
[ Release ] imported/w3c/web-platform-tests/html/semantics/embedded-content/media-elements/readyState_during_canplaythrough.html [ Pass Failure ]

# After `media-elements/track` enablement - below lists tests fail:
[ Release ] imported/w3c/web-platform-tests/html/semantics/embedded-content/media-elements/track/track-element/track-cues-missed.html [ Failure ]
[ Release ] imported/w3c/web-platform-tests/html/semantics/embedded-content/media-elements/track/track-element/track-cues-seeking.html [ Pass Failure ]
[ Release ] imported/w3c/web-platform-tests/html/semantics/embedded-content/media-elements/track/track-element/track-cues-enter-exit.html [ Pass Failure ]
[ Release ] imported/w3c/web-platform-tests/html/semantics/embedded-content/media-elements/track/track-element/track-cues-cuechange.html [ Pass Failure ]

#rdar://92833592 ([ Ventura ] 4x imported/w3c/web-platform-tests/webrtc-encoded-transform/ are flaky text failures)
imported/w3c/web-platform-tests/webrtc-encoded-transform/script-metadata-transform.https.html [ Pass Failure ]
imported/w3c/web-platform-tests/webrtc-encoded-transform/script-transform.https.html [ Pass Failure ]
imported/w3c/web-platform-tests/webrtc-encoded-transform/script-write-twice-transform.https.html [ Pass Failure ]
imported/w3c/web-platform-tests/webrtc-encoded-transform/sframe-transform-in-worker.https.html [ Pass Failure ]

webkit.org/b/206903 inspector/heap/getRemoteObject.html [ Pass Crash Failure ]

webkit.org/b/207141 [ Debug ] inspector/canvas/create-context-bitmaprenderer.html [ Pass Failure ]

webkit.org/b/207166 http/wpt/mediarecorder/MediaRecorder-AV-audio-video-dataavailable-gpuprocess.html [ Pass Failure ]

webkit.org/b/228934 inspector/canvas/shaderProgram-add-remove-webgl2.html [ Pass Crash Timeout Failure ]

webkit.org/b/207209 inspector/heap/getPreview.html [ Pass Failure Timeout ]

webkit.org/b/207269 [ Debug ] http/tests/websocket/tests/hybi/server-close.html [ Pass Crash ]

webkit.org/b/207465 [ Debug ] storage/indexeddb/intversion-long-queue.html [ Pass Failure ]

webkit.org/b/207632 tiled-drawing/scrolling/sticky/sticky-during-rubberband.html [ Pass ImageOnlyFailure ]

webkit.org/b/207631 tiled-drawing/scrolling/fixed/fixed-during-rubberband.html [ Pass ImageOnlyFailure ]

webkit.org/b/207635 fast/events/before-input-prevent-insert-replacement.html [ Pass Failure ]

webkit.org/b/207728 [ Release ] accessibility/press-targets-center-point.html [ Pass Failure ]

webkit.org/b/207796 [ Release ] fast/box-shadow/hidpi-box-shadow.html [ Pass ImageOnlyFailure ]

webkit.org/b/207938 http/wpt/crypto/derive-hmac-key-crash.any.html [ Pass Crash ]

webkit.org/b/207962 accessibility/mac/aria-menu-item-selected-notification.html [ Slow ]
[ Debug ] accessibility/mac/line-index-for-textmarker.html [ Slow ]

webkit.org/b/208014 [ Debug ] http/tests/websocket/tests/hybi/no-subprotocol.html [ Pass Crash ]

webkit.org/b/208062 http/wpt/fetch/disable-speculative-for-reload.html [ Pass Failure ]

webkit.org/b/208577 [ Release ] fast/hidpi/image-srcset-relative-svg-canvas.html [ Pass ImageOnlyFailure ]

webkit.org/b/208590 [ Debug ] fast/events/beforeunload-prompt.html [ Pass Crash ]

webkit.org/b/209006 imported/w3c/web-platform-tests/html/semantics/scripting-1/the-script-element/execution-timing/085.html [ Pass Failure ]

webkit.org/b/209077 svg/custom/object-sizing-explicit-width.xhtml [ Pass Failure ]

webkit.org/b/209052 fast/scrolling/mac/absolute-in-overflow-scroll-dynamic.html [ Pass ImageOnlyFailure ]

webkit.org/b/209148 imported/w3c/web-platform-tests/mediacapture-streams/MediaStream-MediaElement-srcObject.https.html [ Pass Failure ]
webkit.org/b/209148 imported/w3c/web-platform-tests/mediacapture-streams/MediaStream-removetrack.https.html [ Pass Failure ]
webkit.org/b/209148 imported/w3c/web-platform-tests/mediacapture-streams/MediaStream-MediaElement-firstframe.https.html [ Pass Failure ]

webkit.org/b/209183 webrtc/concurrentVideoPlayback.html [ Pass Timeout ]

webkit.org/b/209189 http/tests/IndexedDB/storage-limit.https.html [ Pass Failure ]

webkit.org/b/209283 tiled-drawing/scrolling/scroll-iframe-latched-selects.html [ Pass Failure ]

webkit.org/b/209564 svg/as-image/svg-image-with-data-uri-background.html [ Pass ImageOnlyFailure ]

webkit.org/b/209624 tiled-drawing/scrolling/fixed/four-bars-zoomed.html [ Pass Failure ]

webkit.org/b/68278 http/tests/history/back-with-fragment-change.py [ Pass Failure ]

webkit.org/b/210433 swipe/basic-cached-back-swipe.html [ Pass Crash Timeout ]

webkit.org/b/207518 tiled-drawing/simple-document-with-margin-tiles.html [ Pass Failure ]

webkit.org/b/212091 platform/mac/media/media-source/media-source-change-source.html [ Pass Failure ]

webkit.org/b/212413 fast/mediastream/mock-media-source-webaudio.html [ Pass Timeout ]

webkit.org/b/212721 svg/custom/textPath-change-id.svg [ Pass ImageOnlyFailure ]

webkit.org/b/213461 fast/mediastream/mediastreamtrack-video-frameRate-clone-increasing.html [ Pass Failure ]

webkit.org/b/213652 webrtc/video-autoplay1.html [ Pass Failure ]

webkit.org/b/213804 fast/scrolling/mac/scroll-snapping-in-progress.html [ Pass Failure ]

webkit.org/b/229206 [ Debug ] http/wpt/webrtc/sframe-transform-error.html [ Pass Failure ]

webkit.org/b/214478 [ Debug ] http/wpt/webrtc/generateCertificate.html [ Skip ]
webkit.org/b/214478 [ Debug ] tiled-drawing/scrolling/fast-scroll-iframe-latched-select.html [ Skip ]

webkit.org/b/214661 [ Debug ] imported/w3c/web-platform-tests/webrtc/RTCSctpTransport-events.html [ Pass Crash Failure ]

webkit.org/b/230485 [ Release ] imported/w3c/web-platform-tests/webrtc/RTCSctpTransport-events.html [ Pass Failure ]

webkit.org/b/214682 imported/w3c/web-platform-tests/css/cssom/stylesheet-same-origin.sub.html [ Pass Failure ]

webkit.org/b/214683 [ Debug ] imported/w3c/web-platform-tests/media-source/mediasource-changetype-play-implicit.html [ Pass Failure ]

webkit.org/b/214824 [ Debug ] js/throw-large-string-oom.html [ Skip ]

webkit.org/b/215245 [ Release ] imported/w3c/web-platform-tests/content-security-policy/worker-src/service-worker-src-child-fallback.https.sub.html [ Pass Failure ]

webkit.org/b/215304 fast/forms/auto-fill-button/caps-lock-indicator-should-be-visible-after-hiding-auto-fill-strong-password-button.html [ Pass Failure ]

# Some WPT encoding tests run too slowly under ASan (and too slowly in debug builds).
# Since there is no convenient way to skip them under ASan only, skip all encoding tests here.
# The tests will still be run on other platforms and also when testing with Legacy WebKit.
[ Release ] imported/w3c/web-platform-tests/encoding [ Skip ]

# <rdar://problem/37330377> ASan tests exiting early due to timeouts
[ Release ] imported/w3c/web-platform-tests/WebCryptoAPI/derive_bits_keys [ Skip ]

# <rdar://problem/60507526> REGRESSION (r258124-r258230) [ Mac wk2 ] http/tests/inspector/network/contentextensions/blocked-websocket-crash.html is flaky crashing.
http/tests/inspector/network/contentextensions/blocked-websocket-crash.html [ Pass Crash ]

# <rdar://problem/60548192> [ Mac wk2 ] http/tests/contentextensions/service-worker.https.html is flaky failing.
http/tests/contentextensions/service-worker.https.html [ Pass Failure ]

# <rdar://problem/60590009> [ macOS ] REGRESSION(~r258238) http/tests/inspector/network/har/har-basic.html is flaky crashing
http/tests/inspector/network/har/har-basic.html [ Pass Crash ]

# <rdar://problem/61062687> [ macos wk2 ] REGRESSION: media/modern-media-controls/scrubber-support/scrubber-support-media-api.html is flaky crashing
media/modern-media-controls/scrubber-support/scrubber-support-media-api.html [ Pass Crash ]

# <rdar://problem/61071209> [ macOS wk2 debug ] media/modern-media-controls/volume-support/volume-support-drag.html is flaky failing
[ Debug ] media/modern-media-controls/volume-support/volume-support-drag.html [ Pass Failure ]

# <rdar://problem/63554249> [20A279] DQ bots are seeing http/tests/cache/disk-cache/disk-cache-validation-back-navigation-policy.html and http/tests/cache/disk-cache/disk-cache-validation-no-body.html are timing out
webkit.org/b/179796 http/tests/cache/disk-cache/disk-cache-validation-back-navigation-policy.html [ Pass Failure Timeout ]
[ Release ] http/tests/cache/disk-cache/disk-cache-validation-no-body.html [ Pass Timeout ]

# <rdar://problem/63547191> webrtc/h265.html consistently times out on several Mac models
[ Release ] webrtc/h265.html [ Pass Timeout ]

# rdar://66706867 (REGRESSION (20A2321a-20A2348b): fast/table/hidpi-collapsed-border-with-odd-pixel-width.html is a flaky image failure)
[ arm64 ] fast/table/hidpi-collapsed-border-with-odd-pixel-width.html [ Pass ImageOnlyFailure ]

# rdar://65642935 ([AS] 20A2323e: 15 canvas layout tests consistently failing)
[ arm64 ] fast/canvas/canvas-ellipse-zero-lineto.html [ Failure ]
[ arm64 ] imported/w3c/web-platform-tests/html/canvas/element/line-styles/2d.line.miter.obtuse.html [ Failure ]
[ arm64 ] imported/w3c/web-platform-tests/html/canvas/element/path-objects/2d.path.arc.selfintersect.1.html [ Failure ]
[ arm64 ] imported/w3c/web-platform-tests/html/canvas/element/path-objects/2d.path.arc.shape.3.html [ Failure ]
[ arm64 ] inspector/canvas/memory.html [ Failure ]

webkit.org/b/230691 [ Release ] imported/w3c/web-platform-tests/html/cross-origin-opener-policy/iframe-popup-unsafe-none-to-unsafe-none.https.html [ Pass Failure ]

# rdar://66806059 (REGRESSION (20A2321a-20A2348b): 4 fast hidpi tests are a flaky image failure)
[ arm64 ] fast/flexbox/hidpi-simple-line-layout-with-flexbox-and-transition.html [ ImageOnlyFailure ]
[ arm64 ] fast/inline-block/hidpi-margin-top-with-subpixel-value-and-overflow-hidden.html [ ImageOnlyFailure ]
[ arm64 ] fast/inline/hidpi-inline-block-is-subpixel-while-line-is-not.html [ ImageOnlyFailure ]

webkit.org/b/230696 imported/w3c/web-platform-tests/webrtc/RTCDataChannel-close.html [ Pass Failure ]

webkit.org/b/214997 [ Release ] http/tests/workers/service/basic-install-event-waitUntil-reject.html [ Pass Timeout ]

webkit.org/b/215809 [ Debug ] media/W3C/video/events/event_order_canplay_canplaythrough.html [ Pass Timeout ]

webkit.org/b/216159 imported/w3c/web-platform-tests/webrtc/RTCPeerConnection-restartIce.https.html [ Pass Failure ]

webkit.org/b/216292 imported/w3c/web-platform-tests/css/css-flexbox/quirks-auto-block-size-with-percentage-item.html [ Pass Failure ]

# App Bound Domains is for iOS only
http/tests/resourceLoadStatistics/exemptDomains/ [ Skip ]

webkit.org/b/217001 fast/scrolling/latching/latched-scroll-into-nonfast-region.html [ Pass Failure ]

webkit.org/b/217193 [ Release ] inspector/console/queryHolders.html [ Pass Failure ]

webkit.org/b/217686 inspector/page/overrideSetting-ITPDebugModeEnabled.html [ Pass Failure ]

webkit.org/b/217857 [ Debug ] imported/w3c/web-platform-tests/mediacapture-record/MediaRecorder-stop.html [ Skip ]

webkit.org/b/217938 http/wpt/service-workers/fetchEvent.https.html [ Pass Failure ]
webkit.org/b/217938 http/wpt/service-workers/header-filtering.https.html [ Pass Failure ]
webkit.org/b/217938 http/wpt/service-workers/mac/throttleable.https.html [ Pass Failure ]
webkit.org/b/217938 http/wpt/service-workers/online.https.html [ Pass Failure ]

webkit.org/b/218341 inspector/dom-debugger/attribute-modified-style.html [ Pass Timeout ]

# This file should contain entries for expectations that are specific
# to the Apple Mac port running the WebKit2 variant (--webkit-test-runner)

webkit.org/b/218725 inspector/debugger/tail-deleted-frames/tail-deleted-frames-intermediate-frames.html [ Pass Timeout ]

# These are only enabled on Cocoa WK2 ports
webanimations/multiple-transform-properties-and-multiple-transform-properties-animation-with-delay-on-forced-layer.html [ Pass ]
webanimations/rotate-property-and-rotate-animation-with-delay-on-forced-layer.html [ Pass ]
webanimations/scale-property-and-scale-animation-with-delay-on-forced-layer.html [ Pass ]
webanimations/transform-property-and-transform-animation-with-delay-on-forced-layer.html [ Pass ]
webanimations/translate-property-and-translate-animation-with-delay-on-forced-layer.html [ Pass ]

webkit.org/b/232040 webanimations/marker-opacity-animation-no-effect.html [ Pass ImageOnlyFailure ]

webkit.org/b/221847 platform/mac/media/encrypted-media/fps-encrypted-event.html [ Pass Timeout ]

webkit.org/b/221857 fast/selectors/text-field-selection-window-inactive-text-shadow.html [ Pass ImageOnlyFailure ]

webkit.org/b/221853 inspector/debugger/stepping/stepInto.html [ Pass Timeout ]

webkit.org/b/221849 inspector/model/remote-object/array-large.html [ Pass Timeout ]

webkit.org/b/222140 inspector/indexeddb/clearObjectStore.html [ Pass Failure Timeout ]

webkit.org/b/221930 media/media-fragments/TC0034.html [ Skip ]

webkit.org/b/222209 inspector/debugger/async-stack-trace-basic.html [ Pass Timeout ]

webkit.org/b/222183 imported/w3c/web-platform-tests/media-source/mediasource-seek-during-pending-seek.html [ Pass Failure ]

webkit.org/b/222365 inspector/dom/attributeModified.html [ Pass Timeout ]

webkit.org/b/222677 inspector/model/auditTestCase.html [ Pass Timeout ]

webkit.org/b/221487 imported/w3c/web-platform-tests/server-timing/server_timing_header-parsing.https.html [ Pass Failure ]

webkit.org/b/221011 fast/selectors/selection-window-inactive-text-shadow.html [ Pass ImageOnlyFailure ]

webkit.org/b/223014 imported/w3c/web-platform-tests/html/semantics/embedded-content/media-elements/media_fragment_seek.html [ Pass Failure ]

webkit.org/b/223131 [ Debug ] imported/w3c/web-platform-tests/wasm/webapi/instantiateStreaming-bad-imports.any.worker.html [ Pass Failure ]

webkit.org/b/229832 imported/w3c/web-platform-tests/beacon/beacon-redirect.https.window.html [ Pass Failure ]

webkit.org/b/244967 [ Debug ] imported/w3c/web-platform-tests/workers/shared-worker-parse-error-failure.html [ Pass Crash ]

webkit.org/b/230488 [ arm64 ] imported/w3c/web-platform-tests/infrastructure/reftest-wait.html [ Pass ImageOnlyFailure ]

webkit.org/b/230571 [ Release ] imported/w3c/web-platform-tests/page-visibility/unload-bubbles.html [ Pass Failure ]

webkit.org/b/221759 [ Release ] inspector/debugger/breakpoints/resolved-dump-all-inline-script-pause-locations.html [ Pass Timeout ]

webkit.org/b/223206 http/tests/local/loading-stylesheet-import-remove.html [ Pass ImageOnlyFailure ]

webkit.org/b/208022 http/tests/history/back-to-post.py [ Pass Failure Timeout ]

# webkit.org/b/223291 Two accesability tests are flakey text failing only on Apple Silicon
[ arm64 ] accessibility/mac/value-change/value-change-user-info-textfield.html [ Pass Failure ]
[ arm64 ] accessibility/mac/value-change/value-change-user-info-textarea.html [ Pass Failure ]

webkit.org/b/223292 [ arm64 ] fast/table/multiple-captions-crash4.html [ Pass ImageOnlyFailure ]

webkit.org/b/223293 media/media-fullscreen-return-to-inline.html [ Pass Failure Timeout ]

webkit.org/b/223462 [ Debug arm64 ] imported/w3c/web-platform-tests/mediacapture-streams/GUM-optional-constraint.https.html [ Pass Crash ]

webkit.org/b/223486 [ arm64 ] inspector/css/modify-inline-style.html [ Pass Failure ]

# webkit.org/b/223488 The following three tests are flakey failing only on Apple Silicon.
[ arm64 ] http/wpt/beacon/cors/cors-preflight-blob-failure.html [ Pass Failure ]
[ arm64 ] http/wpt/beacon/cors/cors-preflight-blob-success.html [ Pass Failure ]
[ arm64 ] http/wpt/beacon/cors/cors-preflight-redirect-success.html [ Pass Failure ]

webkit.org/b/223900 [ Debug ] compositing/video/video-update-rendering.html [ Pass Failure ]

webkit.org/b/223969 imported/w3c/web-platform-tests/webaudio/the-audio-api/the-audiocontext-interface/processing-after-resume.https.html [ Pass Failure ]

webkit.org/b/219214 inspector/canvas/console-record-2d.html [ Pass Timeout ]
webkit.org/b/219214 inspector/canvas/console-record-offscreen-canvas-2d.html [ Pass Timeout ]

webkit.org/b/224032 [ arm64 ] tiled-drawing/top-content-inset-fixed-attachment-cover-local.html [ Pass ImageOnlyFailure ]

webkit.org/b/224135 media/modern-media-controls/macos-fullscreen-media-controls/macos-fullscreen-media-controls-drag-is-prevented-over-button.html [ Pass Timeout ]

webkit.org/b/224294 [ Debug ] inspector/indexeddb/requestDatabaseNames.html [ Pass Failure ]

webkit.org/b/224633 media/presentationmodechanged-fired-once.html [ Pass Timeout ]

webkit.org/b/225430 [ arm64 ] http/tests/inspector/network/resource-sizes-network.html [ Pass Failure ]

webkit.org/b/225488 fast/scrolling/mac/rubberband-overflow-in-wheel-region-root-jiggle.html [ Pass Timeout ]

webkit.org/b/225498 fast/scrolling/mac/overflow-scrollbars-toggle-dark-mode.html [ Pass ImageOnlyFailure ]

webkit.org/b/207474 http/tests/cache-storage/cache-records-persistency.https.html [ Pass Failure ]

webkit.org/b/225666 http/tests/cache/disk-cache/redirect-chain-limits.html [ Slow ]

webkit.org/b/225664 editing/selection/move-by-character-brute-force.html [ Slow ]

webkit.org/b/225669 imported/w3c/web-platform-tests/css/css-transitions/transition-base-response-002.html [ Pass Failure ]

webkit.org/b/225521 [ Release ] media/modern-media-controls/pip-support/pip-support-enabled.html [ Pass Failure ]

webkit.org/b/227273 fast/css-custom-paint/out-of-memory-while-adding-worklet-module.html [ Pass Timeout DumpJSConsoleLogInStdErr Failure ]

webkit.org/b/227467 [ arm64 Release ] fast/css/sticky/sticky-left.html [ Pass ImageOnlyFailure ]

# Behavior of navigator-language-ru changed in MacOS
fast/text/international/system-language/navigator-language/navigator-language-ru.html [ Failure ]

webkit.org/b/227805 [ Debug ] fast/canvas/canvas-composite-image.html [ Pass Crash ]

webkit.org/b/230413 fast/canvas/canvas-drawImage-detached-leak.html [ Pass Failure ]

webkit.org/b/226828 media/modern-media-controls/overflow-support/chapters.html [ Pass Failure Timeout ]

webkit.org/b/227922 inspector/canvas/setShaderProgramDisabled.html [ Pass Failure Timeout ]

webkit.org/b/227874 [ Release ] fullscreen/full-screen-remove-children.html [ Pass Crash ]

webkit.org/b/228030 inspector/canvas/setShaderProgramHighlighted.html [ Pass Failure Timeout ]

webkit.org/b/228087 media/video-seek-with-negative-playback.html [ Pass Failure Timeout ]

webkit.org/b/228248 fast/selectors/selection-window-inactive.html [ Pass ImageOnlyFailure ]

webkit.org/b/228256 [ Debug ] inspector/canvas/create-context-webgl.html [ Pass Failure ]

webkit.org/b/229043 inspector/canvas/recording-webgl-snapshots.html [ Pass Failure ]
webkit.org/b/229043 inspector/canvas/recording-offscreen-webgl-snapshots.html [ Pass Failure ]
webkit.org/b/229043 inspector/canvas/recording-bitmaprenderer-frameCount.html [ Pass Failure ]
webkit.org/b/229043 inspector/canvas/recording-offscreen-bitmaprenderer-frameCount.html [ Pass Failure ]
webkit.org/b/229043 inspector/canvas/recording-2d-full.html [ Pass Crash ]
webkit.org/b/229043 inspector/canvas/recording-offscreen-canvas-2d-full.html [ Pass Crash ]
webkit.org/b/229237 inspector/canvas/recording-2d-memoryLimit.html [ Pass Crash ]
webkit.org/b/229237 inspector/canvas/recording-offscreen-canvas-2d-memoryLimit.html [ Pass Crash ]

webkit.org/b/228210 [ Debug ] inspector/model/remote-object/iterator-large.html [ Pass Timeout ]

webkit.org/b/228591 fast/scrolling/mac/programmatic-scroll-overrides-rubberband.html [ Pass Failure ]

webkit.org/b/229163 webrtc/video-addTransceiver.html [ Pass Failure ]

webkit.org/b/229166 webrtc/utf8-sdp.html [ Pass Failure ]

#rdar://82043074 ([Star wk2 Debug arm64,Sky/AzulE wk2 Guard-Malloc] imported/w3c/web-platform-tests/xhr/xhr-timeout-longtask.any.html is a flaky failure)
imported/w3c/web-platform-tests/xhr/xhr-timeout-longtask.any.html [ Pass Failure ]

webkit.org/b/229561 http/tests/navigation/page-cache-video.html [ Pass Failure ]

webkit.org/b/239099 [ Debug ] accessibility/ancestor-computation.html [ Pass Timeout ]

webkit.org/b/231088 [ Release ] http/tests/loading/preload-slow-loading.py [ Pass Failure ]

webkit.org/b/228127 imported/w3c/web-platform-tests/html/cross-origin-opener-policy/resource-popup.https.html [ Pass Crash Failure ]

webkit.org/b/229585 imported/w3c/web-platform-tests/navigation-timing/test_performance_attributes.sub.html [ Pass Failure ]

webkit.org/b/229595 [ Debug ] imported/w3c/web-platform-tests/fetch/http-cache/invalidate.any.worker.html [ Pass Failure ]

webkit.org/b/209878 [ Debug ] webrtc/datachannel/multiple-connections.html [ Pass Failure Slow ]

webkit.org/b/229764 animations/background-position.html [ Pass ImageOnlyFailure ]

webkit.org/b/228209 fast/speechrecognition/start-recognition-after-gum.html [ Pass Timeout ]

webkit.org/b/230070 media/track/track-cue-css.html [ Pass ImageOnlyFailure ]

webkit.org/b/230518 [ Release ]  accessibility/mac/button-shouldnot-have-axvalue.html [ Pass Crash ]

webkit.org/b/231083 [ Debug ] imported/w3c/web-platform-tests/content-security-policy/generic/policy-inherited-correctly-by-plznavigate.html [ Pass Failure ]

webkit.org/b/235605 [ arm64 ] fast/scrolling/mac/j-shaped-scroll-rubberband.html [ Failure ]

fast/text/install-font-style-recalc.html [ Pass ]

webkit.org/b/239095 http/wpt/cache-storage/cache-storage-networkprocess-crash.html [ Pass Crash ]

webkit.org/b/239304 http/tests/cache-storage/cache-origins.https.html [ Pass Failure ]

webkit.org/b/239546 imported/w3c/web-platform-tests/html/semantics/embedded-content/the-area-element/area-download-click.html [ Pass Failure ]

webkit.org/b/239554 fast/scrolling/overflow-scroll-past-max.html [ Pass Failure ]

webkit.org/b/179853 imported/blink/fast/text/international-iteration-simple-text.html [ Pass Failure ]

webkit.org/b/239566 media/audio-session-category-at-most-recent-playback.html [ Pass Failure ]

webkit.org/b/239577 imported/w3c/web-platform-tests/html/semantics/embedded-content/the-iframe-element/iframe_sandbox_anchor_download_block_downloads.tentative.html [ Pass Failure ]

webkit.org/b/261919 webanimations/frame-rate/animation-frame-rate-alignment-started-with-one-frame-separation.html [ Pass Failure ] # old: webkit.org/b/239574

webkit.org/b/195635 scrollingcoordinator/mac/multiple-fixed.html [ Pass ImageOnlyFailure ]

webkit.org/b/240123 imported/w3c/web-platform-tests/webrtc/protocol/rtp-clockrate.html [ Pass Failure ]

webkit.org/b/240670 imported/w3c/web-platform-tests/html/semantics/embedded-content/the-img-element/image-loading-lazy-move-into-script-disabled-iframe.html [ Pass Crash ]

webkit.org/b/240821 webgl/max-active-contexts-webglcontextlost-prevent-default.html [ Pass Failure Timeout ]

webkit.org/b/241265 [ Debug ] imported/w3c/web-platform-tests/html/rendering/replaced-elements/svg-embedded-sizing/svg-in-object-percentage.html [ Pass Crash ]

# NOTIFICATION_EVENT is Ventura+
[ Ventura+ ] http/tests/workers/service/shownotification-allowed-document.html [ Pass ]
[ Ventura+ ] http/tests/workers/service/shownotification-allowed.html [ Pass ]
[ Ventura+ ] http/tests/workers/service/shownotification-invalid-data.html [ Pass ]
[ Ventura+ ] http/wpt/push-api/pushEvent.any.serviceworker.html [ Pass ]
[ Ventura+ ] imported/w3c/web-platform-tests/notifications/idlharness.https.any.html [ Pass ]
[ Ventura+ ] imported/w3c/web-platform-tests/notifications/idlharness.https.any.serviceworker.html [ Pass ]
[ Ventura+ ] imported/w3c/web-platform-tests/notifications/idlharness.https.any.worker.html [ Pass ]
[ Ventura+ ] http/tests/workers/service/getnotifications-stop.html [ Pass ]
[ Ventura+ ] http/tests/workers/service/getnotifications.html [ Pass ]
[ Ventura+ ] http/wpt/service-workers/push-console-messages-no-showNotification.https.html [ Pass ]
[ Ventura+ ] http/wpt/service-workers/push-console-messages-showNotification-async.https.html [ Pass ]
[ Ventura+ ] http/wpt/service-workers/push-console-messages-showNotification-late.https.html [ Pass ]
[ Ventura+ ] http/wpt/service-workers/push-console-messages-showNotification-sync.https.html [ Pass ]

webkit.org/b/242164 imported/w3c/web-platform-tests/service-workers/service-worker/navigation-timing.https.html [ Failure ]

webkit.org/b/242138 imported/w3c/web-platform-tests/css/css-transforms/huge-length-tiny-scale.html [ Pass Crash ImageOnlyFailure ]

webkit.org/b/246357 imported/w3c/web-platform-tests/feature-policy/reporting/payment-reporting.https.html [ Pass Failure ]

# Cocoa ports run WPT tests over localhost so the URL is treated as secure even though not HTTPs.
imported/w3c/web-platform-tests/clear-site-data/navigation-insecure.html [ Skip ]
imported/w3c/web-platform-tests/clear-site-data/resource.html [ Skip ]

webkit.org/b/240987 fast/images/heic-as-background-image.html [ ImageOnlyFailure ]

webkit.org/b/244968 [ arm64 ] imported/w3c/web-platform-tests/web-animations/timing-model/animations/update-playback-rate-zero.html [ Pass ImageOnlyFailure ]

webkit.org/b/245007 imported/w3c/web-platform-tests/html/cross-origin-opener-policy/coop-popup-opener-navigates.https.html [ Pass Failure ]

webkit.org/b/245010 imported/w3c/web-platform-tests/html/browsers/browsing-the-web/navigating-across-documents/replace-before-load/location-setter.html [ Pass Failure ]

# webkit.org/b/246773 Constant crashes on wk2 debug
[ Debug ] http/tests/security/showModalDialog-sync-cross-origin-page-load.html [ Skip ]
[ Debug ] http/tests/security/showModalDialog-sync-cross-origin-page-load2.html [ Skip ]
[ Debug ] imported/w3c/web-platform-tests/html/browsers/windows/browsing-context-names/choose-default-001.html [ Skip ]

webkit.org/b/254778 [ Ventura Debug arm64 ] fast/images/avif-image-decoding.html [ Pass Crash ]

#webkit.org/b/248537 Batch mark expectations for Ventura test failures
[ Ventura+ ] webrtc/canvas-to-peer-connection-2d.html [ Pass Timeout ]
[ Ventura+ ] webrtc/canvas-to-peer-connection.html [ Pass Failure Timeout ]
[ Ventura+ ] webrtc/captureCanvas-webrtc-software-h264-baseline.html [ Pass Failure Timeout ]
[ Ventura+ ] scrollbars/scrolling-backward-by-page-on-keyboard-spacebar.html [ Pass Failure ]
[ Ventura+ ] webaudio/decode-audio-data-webm-vorbis.html [ Failure ]
[ Ventura+ x86_64 ] svg/gradients/spreadMethodAlpha.svg [ ImageOnlyFailure ]
[ Ventura+ x86_64 ] scrollbars/scrolling-by-page-accounting-oversized-fixed-elements-on-keyboard-spacebar.html [ Pass Failure ]
[ Ventura+ ] imported/w3c/web-platform-tests/html/semantics/embedded-content/media-elements/autoplay-allowed-by-feature-policy-attribute.https.sub.html [ Pass Failure ]
imported/mozilla/svg/blend-color.svg [ Pass ImageOnlyFailure ]
imported/w3c/web-platform-tests/css/css-grid/alignment/grid-item-aspect-ratio-stretch-2.html [ Pass ImageOnlyFailure ]
imported/mozilla/svg/blend-luminosity.svg [ Pass ImageOnlyFailure ]
[ Debug arm64 ] imported/w3c/web-platform-tests/fetch/api/request/destination/fetch-destination-frame.https.html [ Crash ]
[ Ventura+ Debug x86_64 ] fast/visual-viewport/viewport-dimensions-exclude-custom-scrollbars.html [ Pass Failure ]
[ Ventura+ Debug x86_64 ] fast/visual-viewport/tiled-drawing/zoomed-fixed-scrolled-down-then-up.html [ Failure ]
[ Ventura+ Debug x86_64 ] fast/visual-viewport/tiled-drawing/zoomed-fixed-scrolled-down.html [ Failure ]
[ Ventura+ Debug x86_64 ] fast/visual-viewport/tiled-drawing/zoomed-fixed-scrolling-layers-state.html [ Failure ]
fast/speechrecognition/start-recognition-then-stop.html [ Pass Failure ]
[ x86_64 ] fast/mediastream/getUserMedia-to-canvas-1.html [ Pass Timeout ]
[ x86_64 ] fast/mediastream/getUserMedia-to-canvas-2.html [ Pass Timeout ]
fast/borders/border-painting-correctness-dashed.html [ ImageOnlyFailure ]
fast/borders/border-painting-correctness-dotted.html [ ImageOnlyFailure ]
[ x86_64 ] css3/blending/background-blend-mode-body-image.html [ ImageOnlyFailure ]
[ Ventura+ ] fast/images/animated-heics-draw.html [ Pass Timeout ]
[ Ventura+ ]  http/tests/resourceLoadStatistics/capped-lifetime-for-cookie-set-in-js.html [ Failure ]
[ Ventura+ x86_64 ] imported/w3c/web-platform-tests/html/cross-origin-embedder-policy/block-local-documents-inheriting-none.https.html [ Pass Failure ]
[ Ventura+ x86_64 ] imported/w3c/web-platform-tests/html/browsers/history/the-history-interface/history_go_no_argument.html [ Pass Failure ]
[ x86_64 ] scrollbars/scrolling-by-page-on-keyboard-spacebar.html [ Pass Failure ]
[ Ventura+ ] platform/mac-wk2/plugins/asynchronous-destroy-before-initialization.html [ Pass Failure ]
imported/w3c/web-platform-tests/workers/SharedWorker_dataUrl.html [ Pass Failure ]
[ Ventura+ Debug x86_64 ] webrtc/datachannel/bufferedAmountLowThreshold-default.html [ Pass Failure ]
[ Ventura Debug x86_64 ] editing/caret/color-span-inside-editable-background.html [ Pass ImageOnlyFailure ]
[ Ventura+ x86_64 ] fast/css/text-overflow-input-focus-placeholder.html [ Pass ImageOnlyFailure ]
[ Ventura+ x86_64 Debug ] webgl/2.0.0/conformance2/textures/canvas_sub_rectangle/tex-3d-rg32f-rg-float.html [ Pass Timeout ]
[ Ventura+ Debug x86_64 ] webgl/2.0.0/conformance/state/gl-object-get-calls.html [ Pass Timeout ]

# WebGL in OffscreenCanvas requires the GPUP.
imported/w3c/web-platform-tests/html/canvas/offscreen/manual/the-offscreen-canvas/offscreencanvas.getcontext.worker.html [ Skip ]
imported/w3c/web-platform-tests/html/canvas/offscreen/manual/the-offscreen-canvas/offscreencanvas.transfer.to.imagebitmap.w.html [ Skip ]
imported/w3c/web-platform-tests/html/canvas/offscreen/manual/the-offscreen-canvas/offscreencanvas.transferrable.w.html [ Skip ]
imported/w3c/web-platform-tests/webcodecs/videoFrame-texImage.any.worker.html [ Skip ]
webgl/1.0.x/conformance/offscreencanvas/context-creation-worker.html [ Skip ]
webgl/1.0.x/conformance/offscreencanvas/context-lost-restored-worker.html [ Skip ]
webgl/1.0.x/conformance/offscreencanvas/context-lost-worker.html [ Skip ]
webgl/1.0.x/conformance/offscreencanvas/methods-worker.html [ Skip ]
webgl/1.0.x/conformance/offscreencanvas/offscreencanvas-timer-query.html [ Skip ]
webgl/1.0.x/conformance/offscreencanvas/offscreencanvas-transfer-image-bitmap.html [ Skip ]
webgl/2.0.y/conformance/offscreencanvas/context-creation-worker.html [ Skip ]
webgl/2.0.y/conformance/offscreencanvas/context-lost-restored-worker.html [ Skip ]
webgl/2.0.y/conformance/offscreencanvas/context-lost-worker.html [ Skip ]
webgl/2.0.y/conformance/offscreencanvas/methods-worker.html [ Skip ]
webgl/2.0.y/conformance/offscreencanvas/offscreencanvas-timer-query.html [ Skip ]
webgl/2.0.y/conformance/offscreencanvas/offscreencanvas-transfer-image-bitmap.html [ Skip ]
webgl/2.0.y/conformance2/offscreencanvas/context-creation-worker.html [ Skip ]
webgl/2.0.y/conformance2/offscreencanvas/methods-2-worker.html [ Skip ]
webgl/2.0.y/conformance2/offscreencanvas/offscreencanvas-query.html [ Skip ]
webgl/2.0.y/conformance2/offscreencanvas/offscreencanvas-sync.html [ Skip ]
webgl/2.0.y/conformance2/offscreencanvas/offscreencanvas-timer-query.html [ Skip ]
webgl/2.0.y/conformance2/offscreencanvas/offscreencanvas-transfer-image-bitmap.html [ Skip ]

webkit.org/b/250046 svg/clip-path/clip-opacity-translate.svg [ Pass ImageOnlyFailure ]

# Early hints require network callbacks that are only present in macOS 12 / iOS 15 or greater.
 http/wpt/loading/early-hints [ Pass ]

webkit.org/b/253533 imported/w3c/web-platform-tests/fetch/api/basic/status.h2.any.html [ Pass ]
webkit.org/b/253533 imported/w3c/web-platform-tests/fetch/api/basic/status.h2.any.worker.html [ Pass ]
webkit.org/b/253533 imported/w3c/web-platform-tests/xhr/status.h2.window.html [ Pass ]

webkit.org/b/254770 http/tests/misc/heic-accept-header.html [ Pass Crash ]

webkit.org/b/256189 [ Debug ] ipc/wait-for-video-output-will-change.html [ Pass Crash Timeout ]

webkit.org/b/256217 [ Debug ] imported/w3c/web-platform-tests/background-fetch/port-blocking.https.window.html [ Pass Crash ]

webkit.org/b/238749 imported/w3c/web-platform-tests/html/semantics/interactive-elements/the-dialog-element/focus-after-close.html [ Pass Failure ]

# webkit.org/b/258328 Umbrella Bug: Batch mark expectations slowing down EWS (258328)
[ Debug ] imported/w3c/web-platform-tests/webcodecs/videoFrame-construction.crossOriginSource.sub.html [ Pass Failure ]
imported/w3c/web-platform-tests/css/css-sizing/aspect-ratio/replaced-element-035.html [ Pass ImageOnlyFailure ]
fast/forms/file/entries-api/image-no-transcode-open-panel.html [ Pass Crash ]
[ Debug Ventura arm64 ] http/tests/media/modern-media-controls/overflow-support/playback-speed-live-broadcast.html [ Pass Crash ]
[ Debug arm64 ] media/track/track-css-visible-stroke.html [ Pass Crash ]
[ Ventura Debug arm64 ] http/tests/media/modern-media-controls/skip-back-support/skip-back-support-button-click.html [ Pass Crash ]
media/track/video-track-addition-and-frame-removal.html [ Pass Crash ]
media/track/track-cue-left-align.html [ Pass Crash ]
http/tests/media/modern-media-controls/skip-back-support/skip-back-support-live-broadcast.html [ Pass Crash ]
http/tests/workers/service/postmessage-after-terminating-hung-worker.html [ Pass Crash ]
fast/mediastream/getUserMedia-video-rescaling.html [ Pass Crash ]
media/video-source-load.html [ Pass Crash ]
media/track/video-track.html [ Pass Crash ]
imported/w3c/web-platform-tests/html/semantics/embedded-content/media-elements/interfaces/TextTrack/activeCues.html [ Pass Crash ]
http/tests/media/media-stream/audio-capture-and-category.https.html [ Pass Crash ]

# Lack of support for WPT custom domains.
imported/w3c/web-platform-tests/html/semantics/embedded-content/the-iframe-element/sandbox-top-navigation-escalate-privileges.tentative.sub.window.html [ Failure ]

webkit.org/b/259160 http/tests/privateClickMeasurement/attribution-conversion-through-fetch-keepalive.html [ Pass Failure ] # related: https://webkit.org/b/227555
webkit.org/b/259160 http/tests/privateClickMeasurement/attribution-conversion-through-image-redirect-ephemeral.html [ Pass Failure ]
webkit.org/b/259160 http/tests/privateClickMeasurement/triggering-event-with-attribution-source-through-fetch-keepalive.html [ Pass Failure ]
webkit.org/b/259160 http/tests/privateClickMeasurement/triggering-event-with-attribution-source-through-fetch-keepalive-ephemeral.html [ Pass Failure ]

webkit.org/b/263112 [ x86_64 ] imported/w3c/web-platform-tests/webcodecs/temporal-svc-encoding.https.any.worker.html?h264 [ Pass Failure ]
webkit.org/b/263112 [ x86_64 ] imported/w3c/web-platform-tests/webcodecs/temporal-svc-encoding.https.any.html?h264 [ Pass Failure ]

webkit.org/b/259403 [ x86_64 ] fast/canvas/webgl/texImage2D-video-flipY-false.html [ Failure ]

webkit.org/b/259464 fast/events/wheel/redispatched-wheel-event.html [ Pass Failure ]

webkit.org/b/259708 fast/mediastream/video-rotation-gpu-process-crash.html [ Pass Crash Failure Timeout ]

webkit.org/b/259740 [ Ventura Release arm64 ] css3/color-filters/color-filter-outline.html [ Pass ImageOnlyFailure ]

webkit.org/b/260113 [ arm64 ] http/wpt/webauthn/ctap-hid-failure.https.html [ Pass Failure ]

# These tests require compile-time flags in WebKit that are only enabled in iOS 17 and Sonoma. They were marked as Skip in
# https://bugs.webkit.org/show_bug.cgi?id=248545  re-enable them here.
[ Sonoma+ ] fast/images/animations-resume-from-last-displayed-frame.html [ Pass ]
[ Sonoma+ ] fast/images/individual-animation-toggle.html [ Pass ]
[ Sonoma+ ] fast/images/page-wide-animation-toggle.html [ Pass ]
[ Sonoma+ ] fast/images/pagewide-play-pause-animateTransform-svg-animation.html [ Pass ]
[ Sonoma+ ] fast/images/pagewide-play-pause-offscreen-animations.html [ Pass ]
[ Sonoma+ ] fast/images/mac/play-all-pause-all-animations-context-menu-items.html [ Pass ]
[ Sonoma+ ] fast/images/mac/animation-context-menu-items-presence.html [ Pass ]
# This test was added in https://bugs.webkit.org/show_bug.cgi?id=250475  re-enable it here for Sonoma.

# The direct image codepath is not used with the remote layer tree.
[ Sonoma+ ] compositing/images/direct-image-object-fit.html [ Skip ]
[ Sonoma+ ] compositing/reflections/direct-image-object-fit-reflected.html [ Skip ]

# rdar://107294589 ([UI-side compositing] fast/attachment/mac/attachment-element-gpu-process.html and fast/attachment/mac/wide-attachment-element-gpu-process.html fails)
[ Sonoma+ ] fast/attachment/mac/attachment-element-gpu-process.html [ ImageOnlyFailure ]
[ Sonoma+ ] fast/attachment/mac/wide-attachment-element-gpu-process.html [ ImageOnlyFailure ]

# rdar://107294843 ([UI-side compositing] fast/events/wheel/wheel-events-become-non-cancelable.html fails)
[ Sonoma+ ] fast/events/wheel/wheel-events-become-non-cancelable.html [ Failure ]

# rdar://107345364 ([UI Side Compositing] REGRESSION: fast/scrolling/scroll-animator tests are failing (need ScrollbarsControllerMock logging))
[ Sonoma+ ] fast/scrolling/scroll-animator-basic-events.html [ Failure ]
[ Sonoma+ ] fast/scrolling/scroll-animator-overlay-scrollbars-clicked.html [ Failure ]
[ Sonoma+ ] fast/scrolling/scroll-animator-overlay-scrollbars-hovered.html [ Failure ]
[ Sonoma+ ] fast/scrolling/scroll-animator-select-list-events.html [ Failure ]

# rdar://107437068 ([UI side compositing] fast/mediastream/video-rotation.html fails)
[ Sonoma+ ] fast/mediastream/video-rotation.html [ Failure ]

# rdar://108846032 (REGRESSION (263506@main): [ Sonoma wk2 ] fast/layoutformattingcontext/horizontal-sizing-with-trailing-letter-spacing.html: WebCore::Layout::Line::TrimmableTrailingContent::remove)
[ Sonoma+ ] fast/layoutformattingcontext/horizontal-sizing-with-trailing-letter-spacing.html [ Skip ]

webkit.org/b/239627 [ arm64 ] fast/scrolling/mac/adjust-scroll-snap-during-gesture.html [ Pass Failure ]

webkit.org/b/260917 [ Ventura ] fast/forms/border-color-relayout.html [ Pass ImageOnlyFailure ]

# Enable Sonoma only test added in rdar://110488738.
[ Sonoma+ ] accessibility/mac/attributed-string/attributed-string-has-completion-annotation.html [ Pass ]

# rdar://103251644 (REGRESSION : [ GuardMalloc ] com.apple.MediaToolbox: PerformTransferBytePumpAsync)
editing/text-iterator/backwards-text-iterator-basic.html [ Crash ]

# rdar://107460005 ([UI Side Compositing] fast/text/web-font-load-invisible-during-loading.html fails)
fast/text/web-font-load-invisible-during-loading.html [ Failure ]

# rdar://107460135 ([UI-side compositing] svg/compositing/outermost-svg-with-border-padding.html fails)
svg/compositing/outermost-svg-with-border-padding.html

# rdar://103256284 (REGRESSION : [ GuardMalloc ] com.apple.WebCore: WebCore::RunLoopObserver::invalidate :: dyld config: DYLD_INSERT_LIBRARIES=libgmalloc.dylib DYLD_LIBRARY_PATH=buildToTest DYLD_FRAMEWORK_PATH=buildToTest)
imported/mozilla/svg/as-image/img-simple-6.html [ Crash ]

# rdar://103101751 (REGRESSION (256738@main): [ GuardMalloc ] com.apple.WebCore: WebCore::DOMWrapperWorld::~DOMWrapperWorld)
imported/w3c/web-platform-tests/fetch/api/abort/serviceworker-intercepted.https.html [ Pass Failure Crash ]

# rdar://99153669 ([ iOS macOS ] 4X imported/w3c/web-platform-tests/html/cross-origin-opener-policy/(Layout tests) are flaky failures (244358))
imported/w3c/web-platform-tests/html/cross-origin-opener-policy/iframe-popup-same-origin-allow-popups-to-unsafe-none.https.html [ Pass Crash ]

webkit.org/b/261005 swipe/pushState-cached-back-swipe.html [ Pass Failure Timeout ]

webkit.org/b/227761 imported/w3c/web-platform-tests/beacon/beacon-cors.https.window.html [ Pass Failure ]

webkit.org/b/261226 [ Sonoma+ ] fast/images/mac/play-pause-individual-animation-context-menu-items.html [ Pass ] # backing functionality only in Sonoma+

# The test takes an incredibly long time to run and typically times out when run in stress-test.
webkit.org/b/263044 imported/w3c/web-platform-tests/webrtc-stats/supported-stats.https.html [ Pass Failure ]

# webkit.org/b/261308 Batch mark expectations for flaky imported/w3c/web-platform-tests
[ Ventura+ ] imported/w3c/web-platform-tests/html/cross-origin-opener-policy/reporting/navigation-reporting/reporting-coop-navigated-opener.https.html [ Pass Failure ]

webkit.org/b/261344 requestidlecallback/requestidlecallback-does-not-block-timer.html [ Pass Failure ]

webkit.org/b/261906 imported/w3c/web-platform-tests/editing/run/forwarddelete.html?6001-last [ Slow ]

# webkit.org/b/262216 (REGRESSION(268472@main): 5 tests under http/tests/contentextensions/ are consistently failing.)
http/tests/contentextensions/main-resource-redirect-blocked.py [ Pass Failure ]
http/tests/contentextensions/main-resource-redirect-error.html [ Pass Failure ]
http/tests/contentextensions/block-everything-unless-domain.html [ Pass Failure ] # Switch back to [ Pass Timeout ] when resolved: webkit.org/b/167653
http/tests/contentextensions/block-everything-unless-domain-iframe.html [ Pass Failure ]
http/tests/contentextensions/block-everything-unless-domain-redirect.py [ Pass Failure ]

webkit.org/b/262411 [ Sonoma+ ] fast/scrolling/scroll-to-anchor-zoomed-header.html [ Pass Crash ]

# webkit.org/b/280991 (NEW TEST (280648@main): [ wk2 ] 2 media/media-vp8-webm*.html tests are flaky ImageOnlyFailures.)
# Missing AVSampleBufferDisplayLayer's ReadyForDisplayDidChangeNotification
media/media-vp8-webm.html [ Pass ImageOnlyFailure ]
media/media-vp8-webm-seek-to-start.html [ Pass ImageOnlyFailure ]

webkit.org/b/261356 [ Debug ] fast/mediastream/device-change-event-2.html [ Pass Timeout ] # CHANGE TO [ Pass Timeout ] WITHOUT DEBUG AFTER FIX ACCORDING TO webkit.org/b/188924

webkit.org/b/263396 css3/color/text.html [ Skip ]

# WebGPU

# skipped outside of macOS Sequoia due to crash in failed allocation
[ Ventura Sonoma ] fast/webgpu/nocrash/fuzz-279086.html [ Skip ]

[ Release arm64 ] http/tests/webgpu/webgpu/api [ Pass Failure Timeout ]
[ Release arm64 ] http/tests/webgpu/webgpu/shader [ Pass Failure Timeout ]
[ Release arm64 ] http/tests/webgpu/webgpu/web_platform [ Pass Failure Timeout ]

# pixel differences on Intel Macs
[ x86_64 ] fast/webgpu/regression/repro_275345.html [ ImageOnlyFailure ]
[ x86_64 ] media/media-video-videorange.html [ Failure ]
[ x86_64 ] media/media-video-videorange-offscreen.html [ Failure ]

# skipped due to debug crashes - https://bugs.webkit.org/show_bug.cgi?id=274972
http/tests/webgpu/webgpu/api/validation/render_pass/render_pass_descriptor.html [ Skip ]
http/tests/webgpu/webgpu/api/validation/texture/destroy.html [ Skip ]
http/tests/webgpu/webgpu/web_platform/canvas/getCurrentTexture.html [ Skip ]

# skipped debug due to https://bugs.webkit.org/show_bug.cgi?id=273961
[ Release ] http/tests/webgpu/webgpu/api/operation/buffers/map.html [ Pass ]
# skipped debug due to https://bugs.webkit.org/show_bug.cgi?id=273716
[ Release ] http/tests/webgpu/webgpu/api/operation/buffers/map_ArrayBuffer.html [ Pass ]
http/tests/webgpu/webgpu/api/operation/buffers/map_detach.html [ Pass ]
http/tests/webgpu/webgpu/api/operation/buffers/map_oom.html [ Pass ]
http/tests/webgpu/webgpu/api/operation/buffers/threading.html [ Pass ]

http/tests/webgpu/webgpu/api/validation/buffer/create.html [ Pass ]
http/tests/webgpu/webgpu/api/validation/buffer/destroy.html [ Pass ]
http/tests/webgpu/webgpu/api/validation/buffer/mapping.html [ Pass ]

# skipped debug due to test taking too long even with Slow
[ Release Sequoia+ ] http/tests/webgpu/webgpu/api/validation/compute_pipeline.html [ Pass Slow ]
[ Release Sequoia+ ] http/tests/webgpu/webgpu/api/validation/render_pipeline/resource_compatibility.html [ Pass Slow ]

http/tests/webgpu/webgpu/api/validation/queue/buffer_mapped.html [ Pass ]
http/tests/webgpu/webgpu/api/validation/queue/submit.html [ Pass ]
http/tests/webgpu/webgpu/api/validation/queue/destroyed [ Pass ]
[ arm64 ] http/tests/webgpu/webgpu/api/operation/command_buffer/queries [ Pass ]

http/tests/webgpu/webgpu/shader/execution/flow_control/switch.html [ Pass ]
# arm64 release only because the tests are incredibly slow due to their extensiveness
[ Release arm64 ] http/tests/webgpu/webgpu/shader/execution/shader_io [ Pass ]

webkit.org/b/264266 [ Ventura+ x86_64 ] imported/w3c/web-platform-tests/css/filter-effects/filters-drop-shadow-002.html [ ImageOnlyFailure ]

webkit.org/b/264306 fast/scrolling/mac/scrollbars/very-wide-overlay-scrollbar.html [ Pass ImageOnlyFailure Timeout ]
[ Ventura ] fast/scrolling/mac/scrollbars/scrollbar-width-dynamic-none-to-auto.html [ ImageOnlyFailure ]
[ Ventura ] fast/scrolling/mac/scrollbars/scrollbar-width-paint-001.html [ ImageOnlyFailure ]

webkit.org/b/265599 [ Sonoma+ Debug x86_64 ] imported/w3c/web-platform-tests/html/browsers/the-window-object/open-close/open-features-tokenization-noreferrer.html [ Pass Crash ]

# WindowProxy property access delegate callbacks are only implemented on Mac and iOS WK2.
http/wpt/opener/child-access-parent-via-windowproxy.html [ Pass ]
http/wpt/opener/cross-site-child-access-parent-iframe-via-windowproxy.html [ Pass ]
http/wpt/opener/iframe-access-top-via-windowproxy.html [ Pass ]
http/wpt/opener/parent-access-child-via-windowproxy.html [ Pass ]
http/wpt/opener/same-site-child-access-parent-iframe-via-windowproxy.html [ Pass ]

webkit.org/b/265957 [ Release ] fullscreen/full-screen-layer-dump.html [ Pass Failure ]

# rdar://102425691 ([ New Test ](256068@main): [ Ventura+ ] http/wpt/webcodecs/videoFrame-colorSpace.html is a consistent failure)
[ Ventura+ ] http/wpt/webcodecs/videoFrame-colorSpace.html [ Pass Failure ]

webkit.org/b/265954 [ Ventura+ Release x86_64 ] media/video-audio-session-mode.html [ Failure Crash ]

webkit.org/b/266490 [ Sonoma+ ] fast/scrolling/overlay-scrollbars-scroll-corner.html [ Pass ImageOnlyFailure ]

# rdar://119828743 (REGRESSION (263917@main?): [ Sonoma Debug wk2 x86_64 ] 3 tests in inspector/timeline are flaky crash with ASSERTION FAILED in void WebCore::InspectorTimelineAgent::didCompleteCurrentRecord(TimelineRecordType)
[ Sonoma+ Debug x86_64 ] inspector/timeline/timeline-event-TimerInstall.html [ Pass Crash ]
[ Sonoma+ Debug x86_64 ] inspector/timeline/timeline-event-TimerRemove.html [ Pass Crash ]
[ Sonoma+ Debug x86_64 ] inspector/timeline/timeline-event-TimerFire.html [ Pass Crash ]

webkit.org/b/267384 [ Sonoma+ ] fast/selectors/text-field-selection-window-inactive-stroke-color.html [ Pass ImageOnlyFailure ]

webkit.org/b/267670 [ Sonoma+ ] imported/w3c/web-platform-tests/css/css-position/fixed-z-index-blend.html [ Pass ImageOnlyFailure ]

webkit.org/b/267880 [ Sonoma+ ] fast/scrolling/mac/scrollbars/select-overlay-scrollbar-reveal.html [ Pass Timeout ]

webkit.org/b/267885 [ Sonoma+ Release ] fast/scrolling/rtl-scrollbars-overlay-no-push-contents.html [ Pass ImageOnlyFailure ]

webkit.org/b/267796 [ Release ] imported/w3c/web-platform-tests/requestidlecallback/deadline-max-rAF-dynamic.html [ Pass Failure ]

webkit.org/b/268018 [ Sonoma+ Release ] fast/images/text-recognition/mac/select-word-in-transparent-image-overlay.html [ Pass ImageOnlyFailure ]

webkit.org/b/264001 [ Debug ] imported/w3c/web-platform-tests/requestidlecallback/callback-multiple-calls.html [ Pass Failure ]

# webkit.org/b/269003 Umbrella bug for flaky test failures impacting EWS
[ Release ] media/audio-session-category.html [ Pass Failure ]
[ Release ] imported/w3c/web-platform-tests/preload/preload-in-data-doc.html [ Pass ImageOnlyFailure ]

#webkit.org/b/269301  (2X imported/w3c/web-platform-tests/webcodecs/videoFrame (layout-tests) are constant failures)
[ x86_64 ] imported/w3c/web-platform-tests/webcodecs/videoFrame-createImageBitmap.https.any.html [ Failure ]
[ x86_64 ] imported/w3c/web-platform-tests/webcodecs/videoFrame-createImageBitmap.https.any.worker.html [ Failure ]

webkit.org/b/268398 [ Sonoma+ ] pdf/pdf-in-iframe-scrolling-tree-after-back.html [ Pass Failure ]

# webkit.org/b/270092  (REGRESSION (275274@main): [ Sonoma+ wk2 ] Multiple compositing/plugins/pdf/pdf are constant failures)
[ Sonoma+ ] pdf/pdf-in-embed.html [ Failure ]
[ Sonoma+ ] pdf/pdf-in-styled-embed.html [ Failure ]
[ Sonoma+ ] pdf/pdf-scrolling-tree-dynamic.html [ Failure Timeout ]
[ Sonoma+ ] pdf/pdf-scrolling-tree.html [ Failure ]

[ Sonoma+ ] pdf/pdf-in-embed-with-root-page-zoom.html [ Failure ]

webkit.org/b/270235 [ Ventura+ Debug x86_64 ] webgl/pending/conformance/glsl/misc/shader-with-reserved-words-2.html [ Timeout ]

# webkit.org/b/266168 Two wheel/mousewheel passive event listeners WPT test pass on macOS Sonoma and up
[ Sonoma+ ] imported/w3c/web-platform-tests/dom/events/non-cancelable-when-passive/passive-mousewheel-event-listener-on-div.html [ Pass ]
[ Sonoma+ ] imported/w3c/web-platform-tests/dom/events/non-cancelable-when-passive/passive-wheel-event-listener-on-div.html [ Pass ]

webkit.org/b/271318 [ Debug ] http/wpt/webauthn/public-key-credential-get-failure-local-silent.https.html [ Skip ]

webkit.org/b/272685 [ Ventura+ x86_64 ] imported/w3c/web-platform-tests/svg/painting/reftests/percentage-attribute.svg [ ImageOnlyFailure ]

# Inline predictions are only supported on Sonoma and later.
[ Ventura ] editing/input/mac/show-inline-prediction-with-adjacent-text.html [ Skip ]
[ Ventura ] editing/input/cocoa/writing-suggestions-textarea-multiple-lines.html [ Skip ]
[ Ventura ] editing/input/cocoa/do-not-allow-inline-predictions-if-text-changes.html [ Skip ]

webkit.org/b/273012 [ Ventura+ x86_64 ] imported/w3c/web-platform-tests/svg/painting/reftests/percentage.svg [ ImageOnlyFailure ]

webkit.org/b/273905 [ X86_64 ] svg/filters/filter-on-root-tile-boundary.html [ Pass ImageOnlyFailure ]

webkit.org/b/274130 [ Debug ] media/video-pause-immediately.html [ Pass Failure ]

webkit.org/b/274382 media/media-source/media-source-video-play-holds-sleep-assertion.html [ Failure ]

webkit.org/b/274709 imported/w3c/web-platform-tests/pointerevents/pointer-events-none-skip-scroll-in-iframe.html [ Pass Failure ]
webkit.org/b/274709 imported/w3c/web-platform-tests/pointerevents/pointer-events-none-skip-scroll-will-change-in-iframe.html [ Pass Failure ]

webkit.org/b/274766 http/wpt/webauthn/public-key-credential-get-success-u2f.https.html [ Failure ]

webkit.org/b/258228 [ Sonoma+ Debug ] accessibility/mac/text-input-session-notifications.html [ Skip ]

# rdar://129424261 (REGRESSION (279443@main): [ Sonoma Release ] WindowServer watchdog timeout on Intel machine)
[ Release x86_64 ] http/tests/webgpu/webgpu/idl/constructable.html [ Skip ]
[ Release x86_64 ] http/tests/webgpu/webgpu/idl/constants/flags.html [ Skip ]
[ Release x86_64 ] http/tests/webgpu/webgpu/api/operation/compute_pipeline/overrides.html [ Skip ]
[ Release x86_64 ] http/tests/webgpu/webgpu/api/operation/device/lost.html [ Skip ]
[ Release x86_64 ] http/tests/webgpu/webgpu/api/operation/rendering/stencil.html [ Skip ]
[ Release x86_64 ] http/tests/webgpu/webgpu/api/operation/rendering/indirect_draw.html [ Skip ]
[ Release x86_64 ] http/tests/webgpu/webgpu/api/operation/reflection.html [ Skip ]
[ Release x86_64 ] http/tests/webgpu/webgpu/api/operation/vertex_state/index_format.html [ Skip ]
[ Release x86_64 ] http/tests/webgpu/webgpu/api/operation/rendering/draw.html [ Skip ]
[ Release x86_64 ] http/tests/webgpu/webgpu/api/operation/sampling/filter_mode.html [ Skip ]
[ Release x86_64 ] http/tests/webgpu/webgpu/api/operation/sampling/lod_clamp.html [ Skip ]
[ Release x86_64 ] http/tests/webgpu/webgpu/api/operation/sampling/anisotropy.html [ Skip ]
[ Release x86_64 ] http/tests/webgpu/webgpu/api/operation/adapter/requestAdapterInfo.html [ Skip ]
[ Release x86_64 ] http/tests/webgpu/webgpu/api/operation/adapter/requestAdapter.html [ Skip ]
[ Release x86_64 ] http/tests/webgpu/webgpu/api/operation/adapter/requestDevice.html [ Skip ]
[ Release x86_64 ] http/tests/webgpu/webgpu/api/operation/onSubmittedWorkDone.html [ Skip ]
[ Release x86_64 ] http/tests/webgpu/webgpu/api/operation/queue/writeBuffer.html [ Skip ]
[ Release x86_64 ] http/tests/webgpu/webgpu/api/operation/render_pipeline/culling_tests.html [ Skip ]
[ Release x86_64 ] http/tests/webgpu/webgpu/api/operation/render_pipeline/overrides.html [ Skip ]
[ Release x86_64 ] http/tests/webgpu/webgpu/api/operation/render_pipeline/primitive_topology.html [ Skip ]
[ Release x86_64 ] http/tests/webgpu/webgpu/api/operation/memory_sync/buffer/single_buffer.html [ Skip ]
[ Release x86_64 ] http/tests/webgpu/webgpu/api/operation/memory_sync/buffer/multiple_buffers.html [ Skip ]
[ Release x86_64 ] http/tests/webgpu/webgpu/api/operation/memory_sync/texture/same_subresource.html [ Skip ]
[ Release x86_64 ] http/tests/webgpu/webgpu/api/operation/command_buffer/programmable/state_tracking.html [ Skip ]

webkit.org/b/273613 [ Ventura ] imported/w3c/web-platform-tests/css/css-view-transitions/no-painting-while-render-blocked.html [ Skip ]

webkit.org/b/275913 [ Debug ] imported/w3c/web-platform-tests/media-source/dedicated-worker/mediasource-worker-detach-element.html [ Pass Crash ]

# webkit.org/b/275928 (REGRESSION(280114@main): [ macOS wk2 ] 2 tests in css-view-transitions are constant failure
[ Ventura ] imported/w3c/web-platform-tests/css/css-view-transitions/input-targets-root-while-render-blocked.html [ Pass Failure ]
[ Ventura ] imported/w3c/web-platform-tests/css/css-view-transitions/no-raf-while-render-blocked.html [ Pass Failure ]

webkit.org/b/275873 storage/indexeddb/database-transaction-cycle.html [ Pass Failure ]

webkit.org/b/276389 media/video-transformed.html [ Pass Failure ] 

# rdar://132528380 (REGRESSION (281042@main): [ macOS ] 2x tiled-drawing/scrolling/overflow/overflow-scrolled-* is flaky failing.
tiled-drawing/scrolling/overflow/overflow-scrolled-down-tile-coverage.html [ Pass Failure ]
tiled-drawing/scrolling/overflow/overflow-scrolled-up-tile-coverage.html [ Pass Failure ]

# webkit.org/b/278178  [macOS Debug] imported/w3c/web-platform-tests/css/cssom-view/scroll-behavior-smooth-positions.html is a flaky failure
imported/w3c/web-platform-tests/css/cssom-view/scroll-behavior-smooth-positions.html [ Pass Failure ]

# webkit.org/b/278124 REGRESSION (281461@main): [ Sonoma wk2 x86_64 ] 5x imported/w3c/web-platform-tests/css/css-masking/mask-image/mask-image-3* are a constant image only failure.
[ Sonoma+ x86_64 ] imported/w3c/web-platform-tests/css/css-masking/mask-image/mask-image-3a.html [ ImageOnlyFailure ]
[ Sonoma+ x86_64 ] imported/w3c/web-platform-tests/css/css-masking/mask-image/mask-image-3b.html [ ImageOnlyFailure ]
[ Sonoma+ x86_64 ] imported/w3c/web-platform-tests/css/css-masking/mask-image/mask-image-3c.html [ ImageOnlyFailure ]
[ Sonoma+ x86_64 ] imported/w3c/web-platform-tests/css/css-masking/mask-image/mask-image-3d.html [ ImageOnlyFailure ]
[ Sonoma+ x86_64 ] imported/w3c/web-platform-tests/css/css-masking/mask-image/mask-image-3e.html [ ImageOnlyFailure ]

# webkit.org/b/278365 REGRESSION (279617@main): [ macOS wk2 ] imported/w3c/web-platform-tests/webrtc/simulcast/setParameters-active.https.html is a flaky faliure
imported/w3c/web-platform-tests/webrtc/simulcast/setParameters-active.https.html [ Pass Failure ]

# rdar://134449564 
# add test expectation as flaky because we have no VM modifier for VM only failures
[ Sequoia+ ] http/tests/media/fairplay/fps-mse-unmuxed-key-rotation.html [ Pass Timeout Failure ]

# webkit.org/b/278738 [ Sonoma wk2 x86_64]: fast/canvas/image-buffer-backend-variants.html is a flaky crash.
[ Sonoma x86_64 ] fast/canvas/image-buffer-backend-variants.html [ Pass Crash ]

# webkit.org/b/278801 REGRESSION (280449@main): [ macOS wk2 ] imported/w3c/web-platform-tests/navigation-api/navigation-methods/return-value/navigate-intercept-interrupted.html is a flaky crash 
imported/w3c/web-platform-tests/navigation-api/navigation-methods/return-value/navigate-intercept-interrupted.html [ Pass Crash ]

# webkit.org/b/278881 [ Sonoma F wk2 ] fast/scrolling/rubber-band-shows-background.html is a flaky image only failure. 
[ Sonoma+ ] fast/scrolling/rubber-band-shows-background.html [ Pass ImageOnlyFailure ]

# webkit.org/b/278934 [ macOS iOS wk2 ] imported/w3c/web-platform-tests/content-security-policy/inheritance/history.sub.html is a flaky failure.
imported/w3c/web-platform-tests/content-security-policy/inheritance/history.sub.html [ Failure Pass ] 

# webkit.org/b/279096 [ macOS wk2 arm64 debug ] animations/stop-animation-on-suspend.html is a flaky text failure. 
[ Debug arm64 ] animations/stop-animation-on-suspend.html [ Pass Failure ]

# webkit.org/b/279140 [ macOS wk2 ] REGRESSION (283140@main): [ macOS wk2 ] fast/scrolling/mac/scrollbars/scrollbar-state.html is a constant failure 
fast/scrolling/mac/scrollbars/scrollbar-state.html [ Failure ] 

# webkit.org/b/279359 http/wpt/mediastream/mediastreamtrackprocessor-videoframe-timestamp.html  is asserting on debug
[ Sonoma+ Debug ] http/wpt/mediastream/mediastreamtrackprocessor-videoframe-timestamp.html  [ Skip ]
[ Sonoma+ Debug ] http/wpt/mediasession/voiceActivityDetection.html [ Skip ]

# webkit.org/b/279404 [ Ventura ] http/tests/storageAccess/request-and-grant-access-then-navigate-cross-site-should-not-have-access.https.html is a flaky failure
[ Ventura ] http/tests/storageAccess/request-and-grant-access-then-navigate-cross-site-should-not-have-access.https.html [ Pass Failure ]

# webkit.org/b/279477 REGRESSION (283102@main?): [macOS iOS wk2 Debug EWS ] ASSERTION FAILED: WebKit::WebPageProxy::startNetworkRequestsForPageLoadTiming(WebCore::FrameIdentifier) result of http/tests/site-isolation/window-open-with-name-cross-site.html to crash
[ Debug ] http/tests/site-isolation/window-open-with-name-cross-site.html [ Skip ]

# webkit.org/b/279747 [ macOS wk2 ] editing/input/scroll-viewport-page-up-down.html is a flaky text failure
editing/input/scroll-viewport-page-up-down.html [ Pass Failure ]

# webkit.org/b/279463 Flaky ASSERTION FAILED: m_clients.contains(client) in VideoTrack::clearClient on imported/w3c/web-platform-tests/media-source/URL-createObjectURL.html
[ Sonoma Debug arm64 ] imported/w3c/web-platform-tests/media-source/URL-createObjectURL.html [ Pass Crash ]

# webkit.org/b/280037 [ Ventura wk2 ] imported/w3c/web-platform-tests/pointerevents/pointerevent_lostpointercapture_remove_setcapture_node.html is a flaky failure
[ Ventura ] imported/w3c/web-platform-tests/pointerevents/pointerevent_lostpointercapture_remove_setcapture_node.html [ Pass Failure ]

# webkit.org/b/280413 [ macOS wk2 arm64 ] fast/forms/password-scrolled-after-caps-lock-toggled.html is a flaky failure 
[ arm64 ] fast/forms/password-scrolled-after-caps-lock-toggled.html  [ Pass Failure ]

# webkit.org/b/280415 [ Sequoia wk2 release arm64 ] 2x fast/selectors/* are flaky image only failures. 
[ Sequoia+ arm64 Release ] fast/selectors/selection-window-inactive-stroke-color.html [ Pass ImageOnlyFailure ]
[ Sequoia+ arm64 Release ] fast/selectors/text-field-selection-stroke-color.html [ Pass ImageOnlyFailure ]

# webkit.org/b/280418 [ Sequoia wk2 ] fast/speechsynthesis/mac/samantha-voice-available.html is a constant failure. 
[ Sequoia+ ] fast/speechsynthesis/mac/samantha-voice-available.html [ Pass Failure ]

# webkit.org/b/280553 [ Sequoia+ iOS wk2 release ] 2x http/tests/resourceLoadStatistics/* are flaky failures.
[ Sequoia+ arm64 Release ] http/tests/resourceLoadStatistics/prune-statistics.html [ Pass Failure ] 
[ Sequoia+ arm64 Release ] http/tests/resourceLoadStatistics/remove-website-data-for-origin-deletes-link-decoration.html [ Pass Failure ]

# webkit.org/b/280556 [ macOS iOS wk2 release ] webrtc/stats-timestamp-increases.html is a flaky failure.
[ Release ] webrtc/stats-timestamp-increases.html  [ Pass Failure ]

# webkit.org/b/280728 [ Ventura wk2 ] imported/w3c/web-platform-tests/screen-orientation/active-lock.html is a flaky failure.
[ Ventura ] imported/w3c/web-platform-tests/screen-orientation/active-lock.html [ Pass Failure ]

# webkit.org/b/280832 [ Sequoia wk2 ] http/wpt/prefetch/link-prefetch-cross-origin-vary-cookie.html is a constant failure.
[ Sequoia+ ] http/wpt/prefetch/link-prefetch-cross-origin-vary-cookie.html [ Failure ]

# webkit.org/b/280922 REGRESSION(284532@main): [ macOS wk2 ] 2x tiled-drawing/* test are flaky failing. (280922)
tiled-drawing/scrolling/fixed-background/fixed-body-background-zoomed.html [ Pass Failure ]
tiled-drawing/tile-size-slow-zoomed.html [ Pass Failure ]

# webkit.org/b/280989 [ Sequoia wk2 x86_64 ] webanimations/frame-rate/document-timeline-maximum-frame-rate.html is a constant failure 
[ Sequoia x86_64 ] webanimations/frame-rate/document-timeline-maximum-frame-rate.html [ Failure ]

# webkit.org/b/281090 REGRESSION(284131@main?):[ macOS wk2 x86_64  ] http/tests/site-isolation/selection-focus.html is a constant ImageOnlyFailure 
[ x86_64 ] http/tests/site-isolation/selection-focus.html [ ImageOnlyFailure ]

# webkit.org/b/281267 [ macOS wk2 ] imported/w3c/web-platform-tests/html/semantics/interactive-elements/the-summary-element/interactive-content.html is a flaky failure.
imported/w3c/web-platform-tests/html/semantics/interactive-elements/the-summary-element/interactive-content.html [ Pass Failure ]

# webkit.org/b/277908 [ iOS macOS Debug wk2 ] imported/w3c/web-platform-tests/mediacapture-insertable-streams/VideoTrackGenerator-with-window-tracks.https.html is a flaky text failure
[ Debug ] imported/w3c/web-platform-tests/mediacapture-insertable-streams/VideoTrackGenerator-with-window-tracks.https.html [ Pass Failure ]

webkit.org/b/281531 [ Sequoia+ ] accessibility/mac/basic-embed-pdf-accessibility.html [ Timeout ]
webkit.org/b/281531 [ Sequoia+ ] accessibility/mac/iframe-pdf.html [ Timeout ]

# webkit.org/b/277908 NEW TEST (284866@main): [ macOS iOS ] imported/w3c/web-platform-tests/html/cross-origin-opener-policy/tentative/noopener/coop-noopener-allow-popups.https.html is a flaky failure.
imported/w3c/web-platform-tests/html/cross-origin-opener-policy/tentative/noopener/coop-noopener-allow-popups.https.html [ Pass Failure ]

# webkit.org/b/281939 [Sequoia] svg/stroke/non-scaling-stroke-gradient-text.html is a constant image failure
[ Sequoia ] svg/stroke/non-scaling-stroke-gradient-text.html [ ImageOnlyFailure ]

# webkit.org/b/282046 REGRESSION(285592@main): [ macOS iOS wk2 ] http/tests/site-isolation/l oad-event.html are near constant failures.
http/tests/site-isolation/load-event.html [ Pass Failure ]

# webkit.org/b/282051 REGRESSION(285577@main): [ macOS iOS wk2 ] imported/w3c/web-platform-tests/navigation-api/navigation-methods/return-value/back-204-205-download.html is a constant timeout
imported/w3c/web-platform-tests/navigation-api/navigation-methods/return-value/back-204-205-download.html [ Timeout ]

# webkit.org/b/282063 REGRESSION (285464@main?) : [ macOS iOS wk2 ] media/remote-control-comman d-is-user-gesture.html is a constant timeout.
media/remote-control-command-is-user-gesture.html [ Timeout ]

# webkit.org/b/281793 REGRESSION (280616@main?): [macOS Debug wk2] ASSERTION FAILED: m_wrapper in *WebCore::JSEventListener:: ensureJSFunction(ScriptExec utionContext
[ Debug ] imported/w3c/web-platform-tests/navigation-api/ordering-and-transition/navigate-204-205-download-then-same-document.html [ Skip ]

# webkit.org/b/281984 Undo test changes expecting SameSite=Lax cookies by default
[ Sequoia+ Debug ] imported/w3c/web-platform-tests/html/cross-origin-embedder-policy/anonymous-iframe/cookie.tentative.https.window.html [ Failure ]
[ Sequoia+ Debug ] imported/w3c/web-platform-tests/html/anonymous-iframe/cookie.tentative.https.window.html [ Failure ]

# webkit.org/b/282126 NEW TEST [ Sequoia+ x86_64 ] 5 swipe layout tests are timing due to "Timed out waiting for notifyDone to be called"
[ Sequoia+ x86_64 ] http/tests/swipe/swipe-back-with-outstanding-load-cancellation.html [ Timeout ]
[ Sequoia+ x86_64 ] swipe/navigate-event-back-swipe-verify-ua-transition.html [ Timeout ]
[ Sequoia+ x86_64 ] swipe/pushState-back-swipe-verify-ua-transition.html [ Timeout ]

# webkit.org/b/282128 REGRESSION(285688@main?): [ macOS iOS wk2 ] 15x imported/w3c/web-platform-tests/upgrade-insecure-requests/gen/* are near constant failures.
imported/w3c/web-platform-tests/upgrade-insecure-requests/gen/srcdoc-inherit.meta/unset/fetch.https.html [ Pass Failure ]
imported/w3c/web-platform-tests/upgrade-insecure-requests/gen/srcdoc-inherit.meta/unset/img-tag.https.html [ Pass Failure ]
imported/w3c/web-platform-tests/upgrade-insecure-requests/gen/srcdoc-inherit.meta/unset/sharedworker-classic.https.html [ Pass Failure ]
imported/w3c/web-platform-tests/upgrade-insecure-requests/gen/srcdoc-inherit.meta/unset/sharedworker-module.https.html [ Pass Failure ]
imported/w3c/web-platform-tests/upgrade-insecure-requests/gen/srcdoc-inherit.meta/unset/worklet-audio-import-data.https.html [ Pass Failure ]
imported/w3c/web-platform-tests/upgrade-insecure-requests/gen/srcdoc-inherit.meta/unset/worklet-audio.https.html [ Pass Failure ]
imported/w3c/web-platform-tests/upgrade-insecure-requests/gen/top.meta/unset/fetch.https.html [ Pass Failure ]
imported/w3c/web-platform-tests/upgrade-insecure-requests/gen/top.meta/unset/img-tag.https.html [ Pass Failure ]
imported/w3c/web-platform-tests/upgrade-insecure-requests/gen/top.meta/unset/sharedworker-classic.https.html [ Pass Failure ]
imported/w3c/web-platform-tests/upgrade-insecure-requests/gen/top.meta/unset/sharedworker-module.https.html [ Pass Failure ]
imported/w3c/web-platform-tests/upgrade-insecure-requests/gen/top.meta/unset/worklet-audio-import-data.https.html [ Pass Failure ]
imported/w3c/web-platform-tests/upgrade-insecure-requests/gen/top.meta/unset/worklet-audio.https.html [ Pass Failure ]
imported/w3c/web-platform-tests/upgrade-insecure-requests/gen/top.meta/unset/xhr.https.html [ Pass Failure ]
imported/w3c/web-platform-tests/upgrade-insecure-requests/gen/worker-classic-data.meta/unset/fetch.https.html [ Pass Failure ]
imported/w3c/web-platform-tests/upgrade-insecure-requests/gen/worker-module-data.meta/unset/fetch.https.html [ Pass Failure ]

# webkit.org/b/282477 [macOS wk2 Debug ] fast/events/drag-and-drop-autoscroll-inner-frame.html is flaky failure (failure in EWS)
fast/events/drag-and-drop-autoscroll-inner-frame.html [ Pass Failure ]

webkit.org/b/282565 [ Sequoia+ Debug ] imported/w3c/web-platform-tests/css/css-writing-modes/text-combine-upright-sideways-001.html [ Pass ImageOnlyFailure ]

webkit.org/b/282726 http/tests/media/fairplay/legacy-fairplay-hls.html [ Failure ]

# webkit.org/b/281923  [ Sequoia+ ] 3 tests in http/tests/cookies/same-site are constant failure (failure in EWS)
[ Sequoia+ ] http/tests/cookies/same-site/fetch-after-navigating-iframe-in-cross-origin-page.html [ Failure ]
[ Sequoia+ ] http/tests/cookies/same-site/fetch-in-cross-origin-service-worker.html [ Failure ]
[ Sequoia+ ] http/tests/cookies/same-site/popup-cross-site-post.html [ Failure ]

# webkit.org/b/282665 [Ventura wk2] imported/w3c/web-platform-tests/scroll-animations/scroll-timelines/setting-timeline.tentative.html is a flaky failure
[ Ventura ] imported/w3c/web-platform-tests/scroll-animations/scroll-timelines/setting-timeline.tentative.html [ Pass Failure ]

# webkit.org/b/282126 NEW TEST [ Sequoia+ x86_64 ] 5 swipe layout tests are timing due to "Timed out waiting for notifyDone to be called"
swipe/main-frame-pinning-requirement.html [ Failure Timeout ]

webkit.org/b/283144 [ Sequoia ] http/tests/storageAccess/grant-storage-access-under-opener-at-popup-user-gesture-ephemeral.https.html [ Failure ]
webkit.org/b/283144 [ Sequoia ] http/tests/storageAccess/grant-storage-access-under-opener-at-popup-user-gesture.https.html [ Failure ]
webkit.org/b/283144 [ Sequoia ] http/tests/storageAccess/request-and-grant-access-then-navigate-cross-site-should-not-have-access.https.html [ Failure ]
webkit.org/b/283144 [ Sequoia ] http/tests/storageAccess/request-and-grant-access-then-navigate-same-site-should-have-access.https.html [ Failure ]

webkit.org/b/283210 http/wpt/mediarecorder/MediaRecorder-AV-audio-video-dataavailable.html [ Pass Failure ]

# webkit.org/b/283368 [macOS Debug ] fast/css/view-transitions-hide-under-page-background-color.html is a flaky crash (flaky in EWS)
[ Sonoma+ Debug ] fast/css/view-transitions-hide-under-page-background-color.html [ Pass Crash ]

# webkit.org/b/283445 REGRESSION(286802@main?): [macOS Debug wk2] ASSERTION FAILED: !m_messageReceiverMapCount in webrtc/vp8-then-h264.html
[ Debug ] webrtc/vp8-then-h264.html [ Skip ]
